[0m16:43:41.198631 [debug] [MainThread]: Sending event: {'category': 'dbt', 'action': 'invocation', 'label': 'start', 'context': [<snowplow_tracker.self_describing_json.SelfDescribingJson object at 0x10dd35610>, <snowplow_tracker.self_describing_json.SelfDescribingJson object at 0x10df45f70>, <snowplow_tracker.self_describing_json.SelfDescribingJson object at 0x10df45d30>]}


============================== 16:43:41.207099 | d4c7927f-4732-4b7a-92a3-866bd0382ef6 ==============================
[0m16:43:41.207099 [info ] [MainThread]: Running with dbt=1.11.7
[0m16:43:41.207530 [debug] [MainThread]: running dbt with arguments {'fail_fast': 'False', 'log_format': 'default', 'version_check': 'True', 'debug': 'False', 'introspect': 'True', 'cache_selected_only': 'False', 'use_experimental_parser': 'False', 'log_cache_events': 'False', 'quiet': 'False', 'warn_error': 'None', 'log_path': 'logs', 'use_colors': 'True', 'no_print': 'None', 'send_anonymous_usage_stats': 'True', 'target_path': 'None', 'printer_width': '80', 'invocation_command': 'dbt init job_market_dbt', 'partial_parse': 'True', 'empty': 'None', 'static_parser': 'True', 'profiles_dir': '/Users/nalluraj/.dbt', 'warn_error_options': 'WarnErrorOptionsV2(error=[], warn=[], silence=[])', 'indirect_selection': 'eager', 'write_json': 'True'}
[0m16:43:41.219010 [info ] [MainThread]: Creating dbt configuration folder at /Users/nalluraj/.dbt
[0m16:43:41.220252 [debug] [MainThread]: Starter project path: /Users/nalluraj/Documents/project_job_etl/job-market-pipeline/transformation/dbt-env/lib/python3.12/site-packages/dbt/include/starter_project
[0m16:43:41.225777 [info ] [MainThread]: 
Your new dbt project "job_market_dbt" was created!

For more information on how to configure the profiles.yml file,
please consult the dbt documentation here:

  https://docs.getdbt.com/docs/configure-your-profile

One more thing:

Need help? Don't hesitate to reach out to us via GitHub issues or on Slack:

  https://community.getdbt.com/

Happy modeling!

[0m16:43:41.225994 [info ] [MainThread]: Setting up your profile.
[0m16:47:28.817305 [debug] [MainThread]: Snowflake adapter: Setting snowflake.connector to ERROR (file logging only)
[0m16:47:28.818276 [debug] [MainThread]: Snowflake adapter: Setting botocore to ERROR (file logging only)
[0m16:47:28.818588 [debug] [MainThread]: Snowflake adapter: Setting boto3 to ERROR (file logging only)
[0m16:49:52.998621 [info ] [MainThread]: Profile job_market_dbt written to /Users/nalluraj/.dbt/profiles.yml using target's profile_template.yml and your supplied values. Run 'dbt debug' to validate the connection.
[0m16:49:53.645803 [debug] [MainThread]: Resource report: {"command_name": "init", "command_success": true, "command_wall_clock_time": 372.5072, "process_in_blocks": "0", "process_kernel_time": 0.399379, "process_mem_max_rss": "144261120", "process_out_blocks": "0", "process_user_time": 1.559496}
[0m16:49:53.647497 [debug] [MainThread]: Command `dbt init` succeeded at 16:49:53.647346 after 372.51 seconds
[0m16:49:53.647958 [debug] [MainThread]: Sending event: {'category': 'dbt', 'action': 'invocation', 'label': 'end', 'context': [<snowplow_tracker.self_describing_json.SelfDescribingJson object at 0x10df45d00>, <snowplow_tracker.self_describing_json.SelfDescribingJson object at 0x10e66e9f0>, <snowplow_tracker.self_describing_json.SelfDescribingJson object at 0x10ee46510>]}
[0m16:49:53.648392 [debug] [MainThread]: Flushing usage events
[0m16:49:54.176495 [debug] [MainThread]: An error was encountered while trying to flush usage events
