[2026-03-31T02:52:38.925+0000] {local_task_job_runner.py:120} INFO - ::group::Pre task execution logs
[2026-03-31T02:52:38.939+0000] {taskinstance.py:2073} INFO - Dependencies all met for dep_context=non-requeueable deps ti=<TaskInstance: job_market_pipeline.load_snowflake manual__2026-03-31T02:52:29.621265+00:00 [queued]>
[2026-03-31T02:52:38.944+0000] {taskinstance.py:2073} INFO - Dependencies all met for dep_context=requeueable deps ti=<TaskInstance: job_market_pipeline.load_snowflake manual__2026-03-31T02:52:29.621265+00:00 [queued]>
[2026-03-31T02:52:38.944+0000] {taskinstance.py:2303} INFO - Starting attempt 1 of 2
[2026-03-31T02:52:39.015+0000] {taskinstance.py:2327} INFO - Executing <Task(BashOperator): load_snowflake> on 2026-03-31 02:52:29.621265+00:00
[2026-03-31T02:52:39.017+0000] {standard_task_runner.py:63} INFO - Started process 116 to run task
[2026-03-31T02:52:39.019+0000] {standard_task_runner.py:90} INFO - Running: ['airflow', 'tasks', 'run', 'job_market_pipeline', 'load_snowflake', 'manual__2026-03-31T02:52:29.621265+00:00', '--job-id', '4', '--raw', '--subdir', 'DAGS_FOLDER/job_pipeline_dag.py', '--cfg-path', '/tmp/tmp8c_ome8t']
[2026-03-31T02:52:39.021+0000] {standard_task_runner.py:91} INFO - Job 4: Subtask load_snowflake
[2026-03-31T02:52:39.041+0000] {task_command.py:426} INFO - Running <TaskInstance: job_market_pipeline.load_snowflake manual__2026-03-31T02:52:29.621265+00:00 [running]> on host e80688a50da5
[2026-03-31T02:52:39.073+0000] {taskinstance.py:2644} INFO - Exporting env vars: AIRFLOW_CTX_DAG_OWNER='nalluraj' AIRFLOW_CTX_DAG_ID='job_market_pipeline' AIRFLOW_CTX_TASK_ID='load_snowflake' AIRFLOW_CTX_EXECUTION_DATE='2026-03-31T02:52:29.621265+00:00' AIRFLOW_CTX_TRY_NUMBER='1' AIRFLOW_CTX_DAG_RUN_ID='manual__2026-03-31T02:52:29.621265+00:00'
[2026-03-31T02:52:39.073+0000] {taskinstance.py:430} INFO - ::endgroup::
[2026-03-31T02:52:39.083+0000] {subprocess.py:63} INFO - Tmp dir root location: /tmp
[2026-03-31T02:52:39.084+0000] {subprocess.py:75} INFO - Running command: ['/usr/bin/bash', '-c', 'cd /opt/airflow && python ingestion/snowflake_loader.py']
[2026-03-31T02:52:39.088+0000] {subprocess.py:86} INFO - Output:
[2026-03-31T02:56:47.520+0000] {subprocess.py:93} INFO - Connected to both databases successfully!
[2026-03-31T02:56:47.522+0000] {subprocess.py:93} INFO - Inserted 92 companies into Snowflake.
[2026-03-31T02:56:47.523+0000] {subprocess.py:93} INFO - Loaded 123 job postings into Snowflake
[2026-03-31T02:56:47.523+0000] {subprocess.py:93} INFO - Loaded 0 skills into Snowflake
[2026-03-31T02:56:47.665+0000] {subprocess.py:97} INFO - Command exited with return code 0
[2026-03-31T02:56:47.666+0000] {taskinstance.py:441} INFO - ::group::Post task execution logs
[2026-03-31T02:56:47.679+0000] {taskinstance.py:1205} INFO - Marking task as SUCCESS. dag_id=job_market_pipeline, task_id=load_snowflake, execution_date=20260331T025229, start_date=20260331T025238, end_date=20260331T025647
[2026-03-31T02:56:47.708+0000] {local_task_job_runner.py:240} INFO - Task exited with return code 0
[2026-03-31T02:56:47.721+0000] {taskinstance.py:3482} INFO - 1 downstream tasks scheduled from follow-on schedule check
[2026-03-31T02:56:47.722+0000] {local_task_job_runner.py:222} INFO - ::endgroup::
