[2026-03-31T02:52:35.775+0000] {local_task_job_runner.py:120} INFO - ::group::Pre task execution logs
[2026-03-31T02:52:35.789+0000] {taskinstance.py:2073} INFO - Dependencies all met for dep_context=non-requeueable deps ti=<TaskInstance: job_market_pipeline.extract_skills manual__2026-03-31T02:52:29.621265+00:00 [queued]>
[2026-03-31T02:52:35.793+0000] {taskinstance.py:2073} INFO - Dependencies all met for dep_context=requeueable deps ti=<TaskInstance: job_market_pipeline.extract_skills manual__2026-03-31T02:52:29.621265+00:00 [queued]>
[2026-03-31T02:52:35.793+0000] {taskinstance.py:2303} INFO - Starting attempt 1 of 2
[2026-03-31T02:52:35.861+0000] {taskinstance.py:2327} INFO - Executing <Task(BashOperator): extract_skills> on 2026-03-31 02:52:29.621265+00:00
[2026-03-31T02:52:35.863+0000] {standard_task_runner.py:63} INFO - Started process 104 to run task
[2026-03-31T02:52:35.866+0000] {standard_task_runner.py:90} INFO - Running: ['airflow', 'tasks', 'run', 'job_market_pipeline', 'extract_skills', 'manual__2026-03-31T02:52:29.621265+00:00', '--job-id', '3', '--raw', '--subdir', 'DAGS_FOLDER/job_pipeline_dag.py', '--cfg-path', '/tmp/tmpd4hme0a7']
[2026-03-31T02:52:35.867+0000] {standard_task_runner.py:91} INFO - Job 3: Subtask extract_skills
[2026-03-31T02:52:35.889+0000] {task_command.py:426} INFO - Running <TaskInstance: job_market_pipeline.extract_skills manual__2026-03-31T02:52:29.621265+00:00 [running]> on host e80688a50da5
[2026-03-31T02:52:35.920+0000] {taskinstance.py:2644} INFO - Exporting env vars: AIRFLOW_CTX_DAG_OWNER='nalluraj' AIRFLOW_CTX_DAG_ID='job_market_pipeline' AIRFLOW_CTX_TASK_ID='extract_skills' AIRFLOW_CTX_EXECUTION_DATE='2026-03-31T02:52:29.621265+00:00' AIRFLOW_CTX_TRY_NUMBER='1' AIRFLOW_CTX_DAG_RUN_ID='manual__2026-03-31T02:52:29.621265+00:00'
[2026-03-31T02:52:35.921+0000] {taskinstance.py:430} INFO - ::endgroup::
[2026-03-31T02:52:35.931+0000] {subprocess.py:63} INFO - Tmp dir root location: /tmp
[2026-03-31T02:52:35.931+0000] {subprocess.py:75} INFO - Running command: ['/usr/bin/bash', '-c', 'cd /opt/airflow && python ingestion/skill_extractor.py']
[2026-03-31T02:52:35.935+0000] {subprocess.py:86} INFO - Output:
[2026-03-31T02:52:36.703+0000] {subprocess.py:93} INFO - Extracted 0 skills from 63 job postings
[2026-03-31T02:52:36.732+0000] {subprocess.py:97} INFO - Command exited with return code 0
[2026-03-31T02:52:36.733+0000] {taskinstance.py:441} INFO - ::group::Post task execution logs
[2026-03-31T02:52:36.745+0000] {taskinstance.py:1205} INFO - Marking task as SUCCESS. dag_id=job_market_pipeline, task_id=extract_skills, execution_date=20260331T025229, start_date=20260331T025235, end_date=20260331T025236
[2026-03-31T02:52:36.767+0000] {local_task_job_runner.py:240} INFO - Task exited with return code 0
[2026-03-31T02:52:36.780+0000] {taskinstance.py:3482} INFO - 1 downstream tasks scheduled from follow-on schedule check
[2026-03-31T02:52:36.782+0000] {local_task_job_runner.py:222} INFO - ::endgroup::
