[2026-03-31T02:26:12.865+0000] {local_task_job_runner.py:120} INFO - ::group::Pre task execution logs
[2026-03-31T02:26:12.880+0000] {taskinstance.py:2073} INFO - Dependencies all met for dep_context=non-requeueable deps ti=<TaskInstance: job_market_pipeline.fetch_jobs manual__2026-03-31T02:26:09.923849+00:00 [queued]>
[2026-03-31T02:26:12.883+0000] {taskinstance.py:2073} INFO - Dependencies all met for dep_context=requeueable deps ti=<TaskInstance: job_market_pipeline.fetch_jobs manual__2026-03-31T02:26:09.923849+00:00 [queued]>
[2026-03-31T02:26:12.883+0000] {taskinstance.py:2303} INFO - Starting attempt 1 of 2
[2026-03-31T02:26:12.948+0000] {taskinstance.py:2327} INFO - Executing <Task(BashOperator): fetch_jobs> on 2026-03-31 02:26:09.923849+00:00
[2026-03-31T02:26:12.950+0000] {standard_task_runner.py:63} INFO - Started process 94 to run task
[2026-03-31T02:26:12.952+0000] {standard_task_runner.py:90} INFO - Running: ['airflow', 'tasks', 'run', 'job_market_pipeline', 'fetch_jobs', 'manual__2026-03-31T02:26:09.923849+00:00', '--job-id', '2', '--raw', '--subdir', 'DAGS_FOLDER/job_pipeline_dag.py', '--cfg-path', '/tmp/tmp60waog_z']
[2026-03-31T02:26:12.954+0000] {standard_task_runner.py:91} INFO - Job 2: Subtask fetch_jobs
[2026-03-31T02:26:12.978+0000] {task_command.py:426} INFO - Running <TaskInstance: job_market_pipeline.fetch_jobs manual__2026-03-31T02:26:09.923849+00:00 [running]> on host ec8293ba8daf
[2026-03-31T02:26:13.014+0000] {taskinstance.py:2644} INFO - Exporting env vars: AIRFLOW_CTX_DAG_OWNER='nalluraj' AIRFLOW_CTX_DAG_ID='job_market_pipeline' AIRFLOW_CTX_TASK_ID='fetch_jobs' AIRFLOW_CTX_EXECUTION_DATE='2026-03-31T02:26:09.923849+00:00' AIRFLOW_CTX_TRY_NUMBER='1' AIRFLOW_CTX_DAG_RUN_ID='manual__2026-03-31T02:26:09.923849+00:00'
[2026-03-31T02:26:13.015+0000] {taskinstance.py:430} INFO - ::endgroup::
[2026-03-31T02:26:13.042+0000] {subprocess.py:63} INFO - Tmp dir root location: /tmp
[2026-03-31T02:26:13.042+0000] {subprocess.py:75} INFO - Running command: ['/usr/bin/bash', '-c', 'cd /opt/airflow && python ingestion/job_fetcher.py']
[2026-03-31T02:26:13.047+0000] {subprocess.py:86} INFO - Output:
[2026-03-31T02:26:53.270+0000] {subprocess.py:93} INFO - Connected to the database successfully!
[2026-03-31T02:26:53.271+0000] {subprocess.py:93} INFO - Uploaded data/raw/software_engineer_in_United_States.json to S3 bucket job-market-pipeline-raw-nalluraj with key raw/software_engineer_in_United_States.json
[2026-03-31T02:26:53.272+0000] {subprocess.py:93} INFO - Query: software engineer in United States — Found 10 jobs
[2026-03-31T02:26:53.272+0000] {subprocess.py:93} INFO - Uploaded data/raw/data_engineer_in_United_States.json to S3 bucket job-market-pipeline-raw-nalluraj with key raw/data_engineer_in_United_States.json
[2026-03-31T02:26:53.272+0000] {subprocess.py:93} INFO - Query: data engineer in United States — Found 10 jobs
[2026-03-31T02:26:53.275+0000] {subprocess.py:93} INFO - Uploaded data/raw/data_analyst_in_United_States.json to S3 bucket job-market-pipeline-raw-nalluraj with key raw/data_analyst_in_United_States.json
[2026-03-31T02:26:53.276+0000] {subprocess.py:93} INFO - Query: data analyst in United States — Found 10 jobs
[2026-03-31T02:26:53.276+0000] {subprocess.py:93} INFO - Uploaded data/raw/devops_engineer_in_United_States.json to S3 bucket job-market-pipeline-raw-nalluraj with key raw/devops_engineer_in_United_States.json
[2026-03-31T02:26:53.276+0000] {subprocess.py:93} INFO - Query: devops engineer in United States — Found 10 jobs
[2026-03-31T02:26:53.276+0000] {subprocess.py:93} INFO - Uploaded data/raw/cloud_engineer_in_United_States.json to S3 bucket job-market-pipeline-raw-nalluraj with key raw/cloud_engineer_in_United_States.json
[2026-03-31T02:26:53.276+0000] {subprocess.py:93} INFO - Query: cloud engineer in United States — Found 10 jobs
[2026-03-31T02:26:53.276+0000] {subprocess.py:93} INFO - Data inserted successfully!
[2026-03-31T02:26:53.276+0000] {subprocess.py:93} INFO - Total job postings inserted: 49
[2026-03-31T02:26:53.369+0000] {subprocess.py:97} INFO - Command exited with return code 0
[2026-03-31T02:26:53.370+0000] {taskinstance.py:441} INFO - ::group::Post task execution logs
[2026-03-31T02:26:53.380+0000] {taskinstance.py:1205} INFO - Marking task as SUCCESS. dag_id=job_market_pipeline, task_id=fetch_jobs, execution_date=20260331T022609, start_date=20260331T022612, end_date=20260331T022653
[2026-03-31T02:26:53.428+0000] {local_task_job_runner.py:240} INFO - Task exited with return code 0
[2026-03-31T02:26:53.439+0000] {taskinstance.py:3482} INFO - 1 downstream tasks scheduled from follow-on schedule check
[2026-03-31T02:26:53.440+0000] {local_task_job_runner.py:222} INFO - ::endgroup::
