[2026-03-30T17:10:25.860+0000] {processor.py:161} INFO - Started process (PID=79) to work on /opt/airflow/dags/job_pipeline_dag.py
[2026-03-30T17:10:25.861+0000] {processor.py:830} INFO - Processing file /opt/airflow/dags/job_pipeline_dag.py for tasks to queue
[2026-03-30T17:10:25.865+0000] {logging_mixin.py:188} INFO - [2026-03-30T17:10:25.864+0000] {dagbag.py:540} INFO - Filling up the DagBag from /opt/airflow/dags/job_pipeline_dag.py
[2026-03-30T17:10:25.880+0000] {processor.py:840} INFO - DAG(s) 'job_market_pipeline' retrieved from /opt/airflow/dags/job_pipeline_dag.py
[2026-03-30T17:10:25.978+0000] {logging_mixin.py:188} INFO - [2026-03-30T17:10:25.978+0000] {override.py:1829} INFO - Created Permission View: can delete on DAG:job_market_pipeline
[2026-03-30T17:10:25.984+0000] {logging_mixin.py:188} INFO - [2026-03-30T17:10:25.984+0000] {override.py:1829} INFO - Created Permission View: can edit on DAG:job_market_pipeline
[2026-03-30T17:10:25.988+0000] {logging_mixin.py:188} INFO - [2026-03-30T17:10:25.988+0000] {override.py:1829} INFO - Created Permission View: can read on DAG:job_market_pipeline
[2026-03-30T17:10:25.988+0000] {logging_mixin.py:188} INFO - [2026-03-30T17:10:25.988+0000] {dag.py:3096} INFO - Sync 1 DAGs
[2026-03-30T17:10:25.996+0000] {logging_mixin.py:188} INFO - [2026-03-30T17:10:25.996+0000] {dag.py:3118} INFO - Creating ORM DAG for job_market_pipeline
[2026-03-30T17:10:26.003+0000] {logging_mixin.py:188} INFO - [2026-03-30T17:10:26.003+0000] {dag.py:3954} INFO - Setting next_dagrun for job_market_pipeline to 2026-03-30 06:00:00+00:00, run_after=2026-03-31 06:00:00+00:00
[2026-03-30T17:10:26.014+0000] {processor.py:183} INFO - Processing /opt/airflow/dags/job_pipeline_dag.py took 0.160 seconds
[2026-03-30T17:10:56.722+0000] {processor.py:161} INFO - Started process (PID=80) to work on /opt/airflow/dags/job_pipeline_dag.py
[2026-03-30T17:10:56.723+0000] {processor.py:830} INFO - Processing file /opt/airflow/dags/job_pipeline_dag.py for tasks to queue
[2026-03-30T17:10:56.725+0000] {logging_mixin.py:188} INFO - [2026-03-30T17:10:56.725+0000] {dagbag.py:540} INFO - Filling up the DagBag from /opt/airflow/dags/job_pipeline_dag.py
[2026-03-30T17:10:56.740+0000] {processor.py:840} INFO - DAG(s) 'job_market_pipeline' retrieved from /opt/airflow/dags/job_pipeline_dag.py
[2026-03-30T17:10:56.759+0000] {logging_mixin.py:188} INFO - [2026-03-30T17:10:56.758+0000] {dag.py:3096} INFO - Sync 1 DAGs
[2026-03-30T17:10:56.772+0000] {logging_mixin.py:188} INFO - [2026-03-30T17:10:56.772+0000] {dag.py:3954} INFO - Setting next_dagrun for job_market_pipeline to 2026-03-30 06:00:00+00:00, run_after=2026-03-31 06:00:00+00:00
[2026-03-30T17:10:56.786+0000] {processor.py:183} INFO - Processing /opt/airflow/dags/job_pipeline_dag.py took 0.069 seconds
[2026-03-30T17:11:26.895+0000] {processor.py:161} INFO - Started process (PID=81) to work on /opt/airflow/dags/job_pipeline_dag.py
[2026-03-30T17:11:26.896+0000] {processor.py:830} INFO - Processing file /opt/airflow/dags/job_pipeline_dag.py for tasks to queue
[2026-03-30T17:11:26.897+0000] {logging_mixin.py:188} INFO - [2026-03-30T17:11:26.897+0000] {dagbag.py:540} INFO - Filling up the DagBag from /opt/airflow/dags/job_pipeline_dag.py
[2026-03-30T17:11:26.906+0000] {processor.py:840} INFO - DAG(s) 'job_market_pipeline' retrieved from /opt/airflow/dags/job_pipeline_dag.py
[2026-03-30T17:11:26.920+0000] {logging_mixin.py:188} INFO - [2026-03-30T17:11:26.920+0000] {dag.py:3096} INFO - Sync 1 DAGs
[2026-03-30T17:11:26.933+0000] {logging_mixin.py:188} INFO - [2026-03-30T17:11:26.933+0000] {dag.py:3954} INFO - Setting next_dagrun for job_market_pipeline to 2026-03-30 06:00:00+00:00, run_after=2026-03-31 06:00:00+00:00
[2026-03-30T17:11:26.946+0000] {processor.py:183} INFO - Processing /opt/airflow/dags/job_pipeline_dag.py took 0.058 seconds
[2026-03-30T17:11:57.113+0000] {processor.py:161} INFO - Started process (PID=94) to work on /opt/airflow/dags/job_pipeline_dag.py
[2026-03-30T17:11:57.114+0000] {processor.py:830} INFO - Processing file /opt/airflow/dags/job_pipeline_dag.py for tasks to queue
[2026-03-30T17:11:57.116+0000] {logging_mixin.py:188} INFO - [2026-03-30T17:11:57.116+0000] {dagbag.py:540} INFO - Filling up the DagBag from /opt/airflow/dags/job_pipeline_dag.py
[2026-03-30T17:11:57.128+0000] {processor.py:840} INFO - DAG(s) 'job_market_pipeline' retrieved from /opt/airflow/dags/job_pipeline_dag.py
[2026-03-30T17:11:57.147+0000] {logging_mixin.py:188} INFO - [2026-03-30T17:11:57.147+0000] {dag.py:3096} INFO - Sync 1 DAGs
[2026-03-30T17:11:57.164+0000] {logging_mixin.py:188} INFO - [2026-03-30T17:11:57.164+0000] {dag.py:3954} INFO - Setting next_dagrun for job_market_pipeline to 2026-03-30 06:00:00+00:00, run_after=2026-03-31 06:00:00+00:00
[2026-03-30T17:11:57.182+0000] {processor.py:183} INFO - Processing /opt/airflow/dags/job_pipeline_dag.py took 0.074 seconds
[2026-03-30T17:12:27.341+0000] {processor.py:161} INFO - Started process (PID=95) to work on /opt/airflow/dags/job_pipeline_dag.py
[2026-03-30T17:12:27.342+0000] {processor.py:830} INFO - Processing file /opt/airflow/dags/job_pipeline_dag.py for tasks to queue
[2026-03-30T17:12:27.343+0000] {logging_mixin.py:188} INFO - [2026-03-30T17:12:27.343+0000] {dagbag.py:540} INFO - Filling up the DagBag from /opt/airflow/dags/job_pipeline_dag.py
[2026-03-30T17:12:27.354+0000] {processor.py:840} INFO - DAG(s) 'job_market_pipeline' retrieved from /opt/airflow/dags/job_pipeline_dag.py
[2026-03-30T17:12:27.370+0000] {logging_mixin.py:188} INFO - [2026-03-30T17:12:27.369+0000] {dag.py:3096} INFO - Sync 1 DAGs
[2026-03-30T17:12:27.383+0000] {logging_mixin.py:188} INFO - [2026-03-30T17:12:27.382+0000] {dag.py:3954} INFO - Setting next_dagrun for job_market_pipeline to 2026-03-30 06:00:00+00:00, run_after=2026-03-31 06:00:00+00:00
[2026-03-30T17:12:27.395+0000] {processor.py:183} INFO - Processing /opt/airflow/dags/job_pipeline_dag.py took 0.059 seconds
[2026-03-30T17:12:57.575+0000] {processor.py:161} INFO - Started process (PID=96) to work on /opt/airflow/dags/job_pipeline_dag.py
[2026-03-30T17:12:57.576+0000] {processor.py:830} INFO - Processing file /opt/airflow/dags/job_pipeline_dag.py for tasks to queue
[2026-03-30T17:12:57.578+0000] {logging_mixin.py:188} INFO - [2026-03-30T17:12:57.578+0000] {dagbag.py:540} INFO - Filling up the DagBag from /opt/airflow/dags/job_pipeline_dag.py
[2026-03-30T17:12:57.592+0000] {processor.py:840} INFO - DAG(s) 'job_market_pipeline' retrieved from /opt/airflow/dags/job_pipeline_dag.py
[2026-03-30T17:12:57.611+0000] {logging_mixin.py:188} INFO - [2026-03-30T17:12:57.611+0000] {dag.py:3096} INFO - Sync 1 DAGs
[2026-03-30T17:12:57.625+0000] {logging_mixin.py:188} INFO - [2026-03-30T17:12:57.625+0000] {dag.py:3954} INFO - Setting next_dagrun for job_market_pipeline to 2026-03-30 06:00:00+00:00, run_after=2026-03-31 06:00:00+00:00
[2026-03-30T17:12:57.639+0000] {processor.py:183} INFO - Processing /opt/airflow/dags/job_pipeline_dag.py took 0.069 seconds
[2026-03-30T17:13:27.812+0000] {processor.py:161} INFO - Started process (PID=97) to work on /opt/airflow/dags/job_pipeline_dag.py
[2026-03-30T17:13:27.813+0000] {processor.py:830} INFO - Processing file /opt/airflow/dags/job_pipeline_dag.py for tasks to queue
[2026-03-30T17:13:27.815+0000] {logging_mixin.py:188} INFO - [2026-03-30T17:13:27.814+0000] {dagbag.py:540} INFO - Filling up the DagBag from /opt/airflow/dags/job_pipeline_dag.py
[2026-03-30T17:13:27.825+0000] {processor.py:840} INFO - DAG(s) 'job_market_pipeline' retrieved from /opt/airflow/dags/job_pipeline_dag.py
[2026-03-30T17:13:27.841+0000] {logging_mixin.py:188} INFO - [2026-03-30T17:13:27.841+0000] {dag.py:3096} INFO - Sync 1 DAGs
[2026-03-30T17:13:27.854+0000] {logging_mixin.py:188} INFO - [2026-03-30T17:13:27.854+0000] {dag.py:3954} INFO - Setting next_dagrun for job_market_pipeline to 2026-03-30 06:00:00+00:00, run_after=2026-03-31 06:00:00+00:00
[2026-03-30T17:13:27.867+0000] {processor.py:183} INFO - Processing /opt/airflow/dags/job_pipeline_dag.py took 0.060 seconds
[2026-03-30T17:13:58.059+0000] {processor.py:161} INFO - Started process (PID=98) to work on /opt/airflow/dags/job_pipeline_dag.py
[2026-03-30T17:13:58.060+0000] {processor.py:830} INFO - Processing file /opt/airflow/dags/job_pipeline_dag.py for tasks to queue
[2026-03-30T17:13:58.061+0000] {logging_mixin.py:188} INFO - [2026-03-30T17:13:58.061+0000] {dagbag.py:540} INFO - Filling up the DagBag from /opt/airflow/dags/job_pipeline_dag.py
[2026-03-30T17:13:58.074+0000] {processor.py:840} INFO - DAG(s) 'job_market_pipeline' retrieved from /opt/airflow/dags/job_pipeline_dag.py
[2026-03-30T17:13:58.091+0000] {logging_mixin.py:188} INFO - [2026-03-30T17:13:58.091+0000] {dag.py:3096} INFO - Sync 1 DAGs
[2026-03-30T17:13:58.106+0000] {logging_mixin.py:188} INFO - [2026-03-30T17:13:58.106+0000] {dag.py:3954} INFO - Setting next_dagrun for job_market_pipeline to 2026-03-30 06:00:00+00:00, run_after=2026-03-31 06:00:00+00:00
[2026-03-30T17:13:58.120+0000] {processor.py:183} INFO - Processing /opt/airflow/dags/job_pipeline_dag.py took 0.066 seconds
[2026-03-30T17:14:28.301+0000] {processor.py:161} INFO - Started process (PID=99) to work on /opt/airflow/dags/job_pipeline_dag.py
[2026-03-30T17:14:28.302+0000] {processor.py:830} INFO - Processing file /opt/airflow/dags/job_pipeline_dag.py for tasks to queue
[2026-03-30T17:14:28.304+0000] {logging_mixin.py:188} INFO - [2026-03-30T17:14:28.303+0000] {dagbag.py:540} INFO - Filling up the DagBag from /opt/airflow/dags/job_pipeline_dag.py
[2026-03-30T17:14:28.314+0000] {processor.py:840} INFO - DAG(s) 'job_market_pipeline' retrieved from /opt/airflow/dags/job_pipeline_dag.py
[2026-03-30T17:14:28.329+0000] {logging_mixin.py:188} INFO - [2026-03-30T17:14:28.329+0000] {dag.py:3096} INFO - Sync 1 DAGs
[2026-03-30T17:14:28.342+0000] {logging_mixin.py:188} INFO - [2026-03-30T17:14:28.342+0000] {dag.py:3954} INFO - Setting next_dagrun for job_market_pipeline to 2026-03-30 06:00:00+00:00, run_after=2026-03-31 06:00:00+00:00
[2026-03-30T17:14:28.354+0000] {processor.py:183} INFO - Processing /opt/airflow/dags/job_pipeline_dag.py took 0.059 seconds
[2026-03-30T17:14:58.551+0000] {processor.py:161} INFO - Started process (PID=100) to work on /opt/airflow/dags/job_pipeline_dag.py
[2026-03-30T17:14:58.552+0000] {processor.py:830} INFO - Processing file /opt/airflow/dags/job_pipeline_dag.py for tasks to queue
[2026-03-30T17:14:58.554+0000] {logging_mixin.py:188} INFO - [2026-03-30T17:14:58.553+0000] {dagbag.py:540} INFO - Filling up the DagBag from /opt/airflow/dags/job_pipeline_dag.py
[2026-03-30T17:14:58.565+0000] {processor.py:840} INFO - DAG(s) 'job_market_pipeline' retrieved from /opt/airflow/dags/job_pipeline_dag.py
[2026-03-30T17:14:58.581+0000] {logging_mixin.py:188} INFO - [2026-03-30T17:14:58.580+0000] {dag.py:3096} INFO - Sync 1 DAGs
[2026-03-30T17:14:58.595+0000] {logging_mixin.py:188} INFO - [2026-03-30T17:14:58.594+0000] {dag.py:3954} INFO - Setting next_dagrun for job_market_pipeline to 2026-03-30 06:00:00+00:00, run_after=2026-03-31 06:00:00+00:00
[2026-03-30T17:14:58.608+0000] {processor.py:183} INFO - Processing /opt/airflow/dags/job_pipeline_dag.py took 0.063 seconds
[2026-03-30T17:15:28.776+0000] {processor.py:161} INFO - Started process (PID=101) to work on /opt/airflow/dags/job_pipeline_dag.py
[2026-03-30T17:15:28.777+0000] {processor.py:830} INFO - Processing file /opt/airflow/dags/job_pipeline_dag.py for tasks to queue
[2026-03-30T17:15:28.778+0000] {logging_mixin.py:188} INFO - [2026-03-30T17:15:28.778+0000] {dagbag.py:540} INFO - Filling up the DagBag from /opt/airflow/dags/job_pipeline_dag.py
[2026-03-30T17:15:28.787+0000] {processor.py:840} INFO - DAG(s) 'job_market_pipeline' retrieved from /opt/airflow/dags/job_pipeline_dag.py
[2026-03-30T17:15:28.803+0000] {logging_mixin.py:188} INFO - [2026-03-30T17:15:28.802+0000] {dag.py:3096} INFO - Sync 1 DAGs
[2026-03-30T17:15:28.816+0000] {logging_mixin.py:188} INFO - [2026-03-30T17:15:28.816+0000] {dag.py:3954} INFO - Setting next_dagrun for job_market_pipeline to 2026-03-30 06:00:00+00:00, run_after=2026-03-31 06:00:00+00:00
[2026-03-30T17:15:28.830+0000] {processor.py:183} INFO - Processing /opt/airflow/dags/job_pipeline_dag.py took 0.057 seconds
[2026-03-30T17:15:59.016+0000] {processor.py:161} INFO - Started process (PID=102) to work on /opt/airflow/dags/job_pipeline_dag.py
[2026-03-30T17:15:59.018+0000] {processor.py:830} INFO - Processing file /opt/airflow/dags/job_pipeline_dag.py for tasks to queue
[2026-03-30T17:15:59.019+0000] {logging_mixin.py:188} INFO - [2026-03-30T17:15:59.019+0000] {dagbag.py:540} INFO - Filling up the DagBag from /opt/airflow/dags/job_pipeline_dag.py
[2026-03-30T17:15:59.029+0000] {processor.py:840} INFO - DAG(s) 'job_market_pipeline' retrieved from /opt/airflow/dags/job_pipeline_dag.py
[2026-03-30T17:15:59.044+0000] {logging_mixin.py:188} INFO - [2026-03-30T17:15:59.044+0000] {dag.py:3096} INFO - Sync 1 DAGs
[2026-03-30T17:15:59.057+0000] {logging_mixin.py:188} INFO - [2026-03-30T17:15:59.057+0000] {dag.py:3954} INFO - Setting next_dagrun for job_market_pipeline to 2026-03-30 06:00:00+00:00, run_after=2026-03-31 06:00:00+00:00
[2026-03-30T17:15:59.069+0000] {processor.py:183} INFO - Processing /opt/airflow/dags/job_pipeline_dag.py took 0.059 seconds
[2026-03-30T17:16:29.255+0000] {processor.py:161} INFO - Started process (PID=103) to work on /opt/airflow/dags/job_pipeline_dag.py
[2026-03-30T17:16:29.256+0000] {processor.py:830} INFO - Processing file /opt/airflow/dags/job_pipeline_dag.py for tasks to queue
[2026-03-30T17:16:29.258+0000] {logging_mixin.py:188} INFO - [2026-03-30T17:16:29.258+0000] {dagbag.py:540} INFO - Filling up the DagBag from /opt/airflow/dags/job_pipeline_dag.py
[2026-03-30T17:16:29.269+0000] {processor.py:840} INFO - DAG(s) 'job_market_pipeline' retrieved from /opt/airflow/dags/job_pipeline_dag.py
[2026-03-30T17:16:29.287+0000] {logging_mixin.py:188} INFO - [2026-03-30T17:16:29.287+0000] {dag.py:3096} INFO - Sync 1 DAGs
[2026-03-30T17:16:29.300+0000] {logging_mixin.py:188} INFO - [2026-03-30T17:16:29.300+0000] {dag.py:3954} INFO - Setting next_dagrun for job_market_pipeline to 2026-03-30 06:00:00+00:00, run_after=2026-03-31 06:00:00+00:00
[2026-03-30T17:16:29.313+0000] {processor.py:183} INFO - Processing /opt/airflow/dags/job_pipeline_dag.py took 0.064 seconds
[2026-03-30T17:16:59.451+0000] {processor.py:161} INFO - Started process (PID=116) to work on /opt/airflow/dags/job_pipeline_dag.py
[2026-03-30T17:16:59.452+0000] {processor.py:830} INFO - Processing file /opt/airflow/dags/job_pipeline_dag.py for tasks to queue
[2026-03-30T17:16:59.454+0000] {logging_mixin.py:188} INFO - [2026-03-30T17:16:59.454+0000] {dagbag.py:540} INFO - Filling up the DagBag from /opt/airflow/dags/job_pipeline_dag.py
[2026-03-30T17:16:59.464+0000] {processor.py:840} INFO - DAG(s) 'job_market_pipeline' retrieved from /opt/airflow/dags/job_pipeline_dag.py
[2026-03-30T17:16:59.478+0000] {logging_mixin.py:188} INFO - [2026-03-30T17:16:59.477+0000] {dag.py:3096} INFO - Sync 1 DAGs
[2026-03-30T17:16:59.490+0000] {logging_mixin.py:188} INFO - [2026-03-30T17:16:59.490+0000] {dag.py:3954} INFO - Setting next_dagrun for job_market_pipeline to 2026-03-30 06:00:00+00:00, run_after=2026-03-31 06:00:00+00:00
[2026-03-30T17:16:59.503+0000] {processor.py:183} INFO - Processing /opt/airflow/dags/job_pipeline_dag.py took 0.058 seconds
[2026-03-30T17:17:29.686+0000] {processor.py:161} INFO - Started process (PID=117) to work on /opt/airflow/dags/job_pipeline_dag.py
[2026-03-30T17:17:29.687+0000] {processor.py:830} INFO - Processing file /opt/airflow/dags/job_pipeline_dag.py for tasks to queue
[2026-03-30T17:17:29.689+0000] {logging_mixin.py:188} INFO - [2026-03-30T17:17:29.688+0000] {dagbag.py:540} INFO - Filling up the DagBag from /opt/airflow/dags/job_pipeline_dag.py
[2026-03-30T17:17:29.697+0000] {processor.py:840} INFO - DAG(s) 'job_market_pipeline' retrieved from /opt/airflow/dags/job_pipeline_dag.py
[2026-03-30T17:17:29.712+0000] {logging_mixin.py:188} INFO - [2026-03-30T17:17:29.712+0000] {dag.py:3096} INFO - Sync 1 DAGs
[2026-03-30T17:17:29.725+0000] {logging_mixin.py:188} INFO - [2026-03-30T17:17:29.725+0000] {dag.py:3954} INFO - Setting next_dagrun for job_market_pipeline to 2026-03-30 06:00:00+00:00, run_after=2026-03-31 06:00:00+00:00
[2026-03-30T17:17:29.738+0000] {processor.py:183} INFO - Processing /opt/airflow/dags/job_pipeline_dag.py took 0.057 seconds
[2026-03-30T17:17:59.918+0000] {processor.py:161} INFO - Started process (PID=118) to work on /opt/airflow/dags/job_pipeline_dag.py
[2026-03-30T17:17:59.920+0000] {processor.py:830} INFO - Processing file /opt/airflow/dags/job_pipeline_dag.py for tasks to queue
[2026-03-30T17:17:59.922+0000] {logging_mixin.py:188} INFO - [2026-03-30T17:17:59.921+0000] {dagbag.py:540} INFO - Filling up the DagBag from /opt/airflow/dags/job_pipeline_dag.py
[2026-03-30T17:17:59.936+0000] {processor.py:840} INFO - DAG(s) 'job_market_pipeline' retrieved from /opt/airflow/dags/job_pipeline_dag.py
[2026-03-30T17:17:59.955+0000] {logging_mixin.py:188} INFO - [2026-03-30T17:17:59.955+0000] {dag.py:3096} INFO - Sync 1 DAGs
[2026-03-30T17:17:59.970+0000] {logging_mixin.py:188} INFO - [2026-03-30T17:17:59.970+0000] {dag.py:3954} INFO - Setting next_dagrun for job_market_pipeline to 2026-03-30 06:00:00+00:00, run_after=2026-03-31 06:00:00+00:00
[2026-03-30T17:17:59.985+0000] {processor.py:183} INFO - Processing /opt/airflow/dags/job_pipeline_dag.py took 0.073 seconds
[2026-03-30T17:18:30.144+0000] {processor.py:161} INFO - Started process (PID=119) to work on /opt/airflow/dags/job_pipeline_dag.py
[2026-03-30T17:18:30.145+0000] {processor.py:830} INFO - Processing file /opt/airflow/dags/job_pipeline_dag.py for tasks to queue
[2026-03-30T17:18:30.147+0000] {logging_mixin.py:188} INFO - [2026-03-30T17:18:30.147+0000] {dagbag.py:540} INFO - Filling up the DagBag from /opt/airflow/dags/job_pipeline_dag.py
[2026-03-30T17:18:30.156+0000] {processor.py:840} INFO - DAG(s) 'job_market_pipeline' retrieved from /opt/airflow/dags/job_pipeline_dag.py
[2026-03-30T17:18:30.170+0000] {logging_mixin.py:188} INFO - [2026-03-30T17:18:30.170+0000] {dag.py:3096} INFO - Sync 1 DAGs
[2026-03-30T17:18:30.183+0000] {logging_mixin.py:188} INFO - [2026-03-30T17:18:30.183+0000] {dag.py:3954} INFO - Setting next_dagrun for job_market_pipeline to 2026-03-30 06:00:00+00:00, run_after=2026-03-31 06:00:00+00:00
[2026-03-30T17:18:30.198+0000] {processor.py:183} INFO - Processing /opt/airflow/dags/job_pipeline_dag.py took 0.059 seconds
[2026-03-30T17:19:00.377+0000] {processor.py:161} INFO - Started process (PID=120) to work on /opt/airflow/dags/job_pipeline_dag.py
[2026-03-30T17:19:00.378+0000] {processor.py:830} INFO - Processing file /opt/airflow/dags/job_pipeline_dag.py for tasks to queue
[2026-03-30T17:19:00.380+0000] {logging_mixin.py:188} INFO - [2026-03-30T17:19:00.379+0000] {dagbag.py:540} INFO - Filling up the DagBag from /opt/airflow/dags/job_pipeline_dag.py
[2026-03-30T17:19:00.391+0000] {processor.py:840} INFO - DAG(s) 'job_market_pipeline' retrieved from /opt/airflow/dags/job_pipeline_dag.py
[2026-03-30T17:19:00.408+0000] {logging_mixin.py:188} INFO - [2026-03-30T17:19:00.408+0000] {dag.py:3096} INFO - Sync 1 DAGs
[2026-03-30T17:19:00.422+0000] {logging_mixin.py:188} INFO - [2026-03-30T17:19:00.421+0000] {dag.py:3954} INFO - Setting next_dagrun for job_market_pipeline to 2026-03-30 06:00:00+00:00, run_after=2026-03-31 06:00:00+00:00
[2026-03-30T17:19:00.435+0000] {processor.py:183} INFO - Processing /opt/airflow/dags/job_pipeline_dag.py took 0.065 seconds
[2026-03-30T17:19:30.594+0000] {processor.py:161} INFO - Started process (PID=121) to work on /opt/airflow/dags/job_pipeline_dag.py
[2026-03-30T17:19:30.595+0000] {processor.py:830} INFO - Processing file /opt/airflow/dags/job_pipeline_dag.py for tasks to queue
[2026-03-30T17:19:30.596+0000] {logging_mixin.py:188} INFO - [2026-03-30T17:19:30.596+0000] {dagbag.py:540} INFO - Filling up the DagBag from /opt/airflow/dags/job_pipeline_dag.py
[2026-03-30T17:19:30.606+0000] {processor.py:840} INFO - DAG(s) 'job_market_pipeline' retrieved from /opt/airflow/dags/job_pipeline_dag.py
[2026-03-30T17:19:30.623+0000] {logging_mixin.py:188} INFO - [2026-03-30T17:19:30.623+0000] {dag.py:3096} INFO - Sync 1 DAGs
[2026-03-30T17:19:30.639+0000] {logging_mixin.py:188} INFO - [2026-03-30T17:19:30.639+0000] {dag.py:3954} INFO - Setting next_dagrun for job_market_pipeline to 2026-03-30 06:00:00+00:00, run_after=2026-03-31 06:00:00+00:00
[2026-03-30T17:19:30.653+0000] {processor.py:183} INFO - Processing /opt/airflow/dags/job_pipeline_dag.py took 0.064 seconds
[2026-03-30T17:20:00.818+0000] {processor.py:161} INFO - Started process (PID=122) to work on /opt/airflow/dags/job_pipeline_dag.py
[2026-03-30T17:20:00.819+0000] {processor.py:830} INFO - Processing file /opt/airflow/dags/job_pipeline_dag.py for tasks to queue
[2026-03-30T17:20:00.820+0000] {logging_mixin.py:188} INFO - [2026-03-30T17:20:00.820+0000] {dagbag.py:540} INFO - Filling up the DagBag from /opt/airflow/dags/job_pipeline_dag.py
[2026-03-30T17:20:00.830+0000] {processor.py:840} INFO - DAG(s) 'job_market_pipeline' retrieved from /opt/airflow/dags/job_pipeline_dag.py
[2026-03-30T17:20:00.844+0000] {logging_mixin.py:188} INFO - [2026-03-30T17:20:00.844+0000] {dag.py:3096} INFO - Sync 1 DAGs
[2026-03-30T17:20:00.857+0000] {logging_mixin.py:188} INFO - [2026-03-30T17:20:00.857+0000] {dag.py:3954} INFO - Setting next_dagrun for job_market_pipeline to 2026-03-30 06:00:00+00:00, run_after=2026-03-31 06:00:00+00:00
[2026-03-30T17:20:00.871+0000] {processor.py:183} INFO - Processing /opt/airflow/dags/job_pipeline_dag.py took 0.059 seconds
[2026-03-30T17:20:31.026+0000] {processor.py:161} INFO - Started process (PID=123) to work on /opt/airflow/dags/job_pipeline_dag.py
[2026-03-30T17:20:31.027+0000] {processor.py:830} INFO - Processing file /opt/airflow/dags/job_pipeline_dag.py for tasks to queue
[2026-03-30T17:20:31.028+0000] {logging_mixin.py:188} INFO - [2026-03-30T17:20:31.028+0000] {dagbag.py:540} INFO - Filling up the DagBag from /opt/airflow/dags/job_pipeline_dag.py
[2026-03-30T17:20:31.038+0000] {processor.py:840} INFO - DAG(s) 'job_market_pipeline' retrieved from /opt/airflow/dags/job_pipeline_dag.py
[2026-03-30T17:20:31.053+0000] {logging_mixin.py:188} INFO - [2026-03-30T17:20:31.053+0000] {dag.py:3096} INFO - Sync 1 DAGs
[2026-03-30T17:20:31.066+0000] {logging_mixin.py:188} INFO - [2026-03-30T17:20:31.066+0000] {dag.py:3954} INFO - Setting next_dagrun for job_market_pipeline to 2026-03-30 06:00:00+00:00, run_after=2026-03-31 06:00:00+00:00
[2026-03-30T17:20:31.079+0000] {processor.py:183} INFO - Processing /opt/airflow/dags/job_pipeline_dag.py took 0.057 seconds
[2026-03-30T17:21:01.251+0000] {processor.py:161} INFO - Started process (PID=124) to work on /opt/airflow/dags/job_pipeline_dag.py
[2026-03-30T17:21:01.252+0000] {processor.py:830} INFO - Processing file /opt/airflow/dags/job_pipeline_dag.py for tasks to queue
[2026-03-30T17:21:01.254+0000] {logging_mixin.py:188} INFO - [2026-03-30T17:21:01.253+0000] {dagbag.py:540} INFO - Filling up the DagBag from /opt/airflow/dags/job_pipeline_dag.py
[2026-03-30T17:21:01.264+0000] {processor.py:840} INFO - DAG(s) 'job_market_pipeline' retrieved from /opt/airflow/dags/job_pipeline_dag.py
[2026-03-30T17:21:01.279+0000] {logging_mixin.py:188} INFO - [2026-03-30T17:21:01.279+0000] {dag.py:3096} INFO - Sync 1 DAGs
[2026-03-30T17:21:01.295+0000] {logging_mixin.py:188} INFO - [2026-03-30T17:21:01.295+0000] {dag.py:3954} INFO - Setting next_dagrun for job_market_pipeline to 2026-03-30 06:00:00+00:00, run_after=2026-03-31 06:00:00+00:00
[2026-03-30T17:21:01.308+0000] {processor.py:183} INFO - Processing /opt/airflow/dags/job_pipeline_dag.py took 0.066 seconds
[2026-03-30T17:21:31.475+0000] {processor.py:161} INFO - Started process (PID=125) to work on /opt/airflow/dags/job_pipeline_dag.py
[2026-03-30T17:21:31.476+0000] {processor.py:830} INFO - Processing file /opt/airflow/dags/job_pipeline_dag.py for tasks to queue
[2026-03-30T17:21:31.477+0000] {logging_mixin.py:188} INFO - [2026-03-30T17:21:31.477+0000] {dagbag.py:540} INFO - Filling up the DagBag from /opt/airflow/dags/job_pipeline_dag.py
[2026-03-30T17:21:31.487+0000] {processor.py:840} INFO - DAG(s) 'job_market_pipeline' retrieved from /opt/airflow/dags/job_pipeline_dag.py
[2026-03-30T17:21:31.503+0000] {logging_mixin.py:188} INFO - [2026-03-30T17:21:31.503+0000] {dag.py:3096} INFO - Sync 1 DAGs
[2026-03-30T17:21:31.516+0000] {logging_mixin.py:188} INFO - [2026-03-30T17:21:31.516+0000] {dag.py:3954} INFO - Setting next_dagrun for job_market_pipeline to 2026-03-30 06:00:00+00:00, run_after=2026-03-31 06:00:00+00:00
[2026-03-30T17:21:31.530+0000] {processor.py:183} INFO - Processing /opt/airflow/dags/job_pipeline_dag.py took 0.061 seconds
[2026-03-30T17:22:01.700+0000] {processor.py:161} INFO - Started process (PID=132) to work on /opt/airflow/dags/job_pipeline_dag.py
[2026-03-30T17:22:01.702+0000] {processor.py:830} INFO - Processing file /opt/airflow/dags/job_pipeline_dag.py for tasks to queue
[2026-03-30T17:22:01.704+0000] {logging_mixin.py:188} INFO - [2026-03-30T17:22:01.703+0000] {dagbag.py:540} INFO - Filling up the DagBag from /opt/airflow/dags/job_pipeline_dag.py
[2026-03-30T17:22:01.717+0000] {processor.py:840} INFO - DAG(s) 'job_market_pipeline' retrieved from /opt/airflow/dags/job_pipeline_dag.py
[2026-03-30T17:22:01.736+0000] {logging_mixin.py:188} INFO - [2026-03-30T17:22:01.736+0000] {dag.py:3096} INFO - Sync 1 DAGs
[2026-03-30T17:22:01.752+0000] {logging_mixin.py:188} INFO - [2026-03-30T17:22:01.752+0000] {dag.py:3954} INFO - Setting next_dagrun for job_market_pipeline to 2026-03-30 06:00:00+00:00, run_after=2026-03-31 06:00:00+00:00
[2026-03-30T17:22:01.770+0000] {processor.py:183} INFO - Processing /opt/airflow/dags/job_pipeline_dag.py took 0.077 seconds
[2026-03-30T17:22:31.916+0000] {processor.py:161} INFO - Started process (PID=133) to work on /opt/airflow/dags/job_pipeline_dag.py
[2026-03-30T17:22:31.917+0000] {processor.py:830} INFO - Processing file /opt/airflow/dags/job_pipeline_dag.py for tasks to queue
[2026-03-30T17:22:31.919+0000] {logging_mixin.py:188} INFO - [2026-03-30T17:22:31.919+0000] {dagbag.py:540} INFO - Filling up the DagBag from /opt/airflow/dags/job_pipeline_dag.py
[2026-03-30T17:22:31.930+0000] {processor.py:840} INFO - DAG(s) 'job_market_pipeline' retrieved from /opt/airflow/dags/job_pipeline_dag.py
[2026-03-30T17:22:31.947+0000] {logging_mixin.py:188} INFO - [2026-03-30T17:22:31.947+0000] {dag.py:3096} INFO - Sync 1 DAGs
[2026-03-30T17:22:31.962+0000] {logging_mixin.py:188} INFO - [2026-03-30T17:22:31.962+0000] {dag.py:3954} INFO - Setting next_dagrun for job_market_pipeline to 2026-03-30 06:00:00+00:00, run_after=2026-03-31 06:00:00+00:00
[2026-03-30T17:22:31.980+0000] {processor.py:183} INFO - Processing /opt/airflow/dags/job_pipeline_dag.py took 0.072 seconds
[2026-03-30T17:23:02.139+0000] {processor.py:161} INFO - Started process (PID=134) to work on /opt/airflow/dags/job_pipeline_dag.py
[2026-03-30T17:23:02.140+0000] {processor.py:830} INFO - Processing file /opt/airflow/dags/job_pipeline_dag.py for tasks to queue
[2026-03-30T17:23:02.141+0000] {logging_mixin.py:188} INFO - [2026-03-30T17:23:02.141+0000] {dagbag.py:540} INFO - Filling up the DagBag from /opt/airflow/dags/job_pipeline_dag.py
[2026-03-30T17:23:02.155+0000] {processor.py:840} INFO - DAG(s) 'job_market_pipeline' retrieved from /opt/airflow/dags/job_pipeline_dag.py
[2026-03-30T17:23:02.177+0000] {logging_mixin.py:188} INFO - [2026-03-30T17:23:02.176+0000] {dag.py:3096} INFO - Sync 1 DAGs
[2026-03-30T17:23:02.193+0000] {logging_mixin.py:188} INFO - [2026-03-30T17:23:02.193+0000] {dag.py:3954} INFO - Setting next_dagrun for job_market_pipeline to 2026-03-30 06:00:00+00:00, run_after=2026-03-31 06:00:00+00:00
[2026-03-30T17:23:02.209+0000] {processor.py:183} INFO - Processing /opt/airflow/dags/job_pipeline_dag.py took 0.078 seconds
[2026-03-30T17:23:32.348+0000] {processor.py:161} INFO - Started process (PID=135) to work on /opt/airflow/dags/job_pipeline_dag.py
[2026-03-30T17:23:32.349+0000] {processor.py:830} INFO - Processing file /opt/airflow/dags/job_pipeline_dag.py for tasks to queue
[2026-03-30T17:23:32.350+0000] {logging_mixin.py:188} INFO - [2026-03-30T17:23:32.350+0000] {dagbag.py:540} INFO - Filling up the DagBag from /opt/airflow/dags/job_pipeline_dag.py
[2026-03-30T17:23:32.360+0000] {processor.py:840} INFO - DAG(s) 'job_market_pipeline' retrieved from /opt/airflow/dags/job_pipeline_dag.py
[2026-03-30T17:23:32.375+0000] {logging_mixin.py:188} INFO - [2026-03-30T17:23:32.375+0000] {dag.py:3096} INFO - Sync 1 DAGs
[2026-03-30T17:23:32.389+0000] {logging_mixin.py:188} INFO - [2026-03-30T17:23:32.389+0000] {dag.py:3954} INFO - Setting next_dagrun for job_market_pipeline to 2026-03-30 06:00:00+00:00, run_after=2026-03-31 06:00:00+00:00
[2026-03-30T17:23:32.402+0000] {processor.py:183} INFO - Processing /opt/airflow/dags/job_pipeline_dag.py took 0.060 seconds
[2026-03-30T17:24:02.547+0000] {processor.py:161} INFO - Started process (PID=136) to work on /opt/airflow/dags/job_pipeline_dag.py
[2026-03-30T17:24:02.548+0000] {processor.py:830} INFO - Processing file /opt/airflow/dags/job_pipeline_dag.py for tasks to queue
[2026-03-30T17:24:02.549+0000] {logging_mixin.py:188} INFO - [2026-03-30T17:24:02.549+0000] {dagbag.py:540} INFO - Filling up the DagBag from /opt/airflow/dags/job_pipeline_dag.py
[2026-03-30T17:24:02.558+0000] {processor.py:840} INFO - DAG(s) 'job_market_pipeline' retrieved from /opt/airflow/dags/job_pipeline_dag.py
[2026-03-30T17:24:02.574+0000] {logging_mixin.py:188} INFO - [2026-03-30T17:24:02.574+0000] {dag.py:3096} INFO - Sync 1 DAGs
[2026-03-30T17:24:02.588+0000] {logging_mixin.py:188} INFO - [2026-03-30T17:24:02.587+0000] {dag.py:3954} INFO - Setting next_dagrun for job_market_pipeline to 2026-03-30 06:00:00+00:00, run_after=2026-03-31 06:00:00+00:00
[2026-03-30T17:24:02.601+0000] {processor.py:183} INFO - Processing /opt/airflow/dags/job_pipeline_dag.py took 0.061 seconds
[2026-03-30T17:24:32.772+0000] {processor.py:161} INFO - Started process (PID=137) to work on /opt/airflow/dags/job_pipeline_dag.py
[2026-03-30T17:24:32.774+0000] {processor.py:830} INFO - Processing file /opt/airflow/dags/job_pipeline_dag.py for tasks to queue
[2026-03-30T17:24:32.776+0000] {logging_mixin.py:188} INFO - [2026-03-30T17:24:32.775+0000] {dagbag.py:540} INFO - Filling up the DagBag from /opt/airflow/dags/job_pipeline_dag.py
[2026-03-30T17:24:32.790+0000] {processor.py:840} INFO - DAG(s) 'job_market_pipeline' retrieved from /opt/airflow/dags/job_pipeline_dag.py
[2026-03-30T17:24:32.809+0000] {logging_mixin.py:188} INFO - [2026-03-30T17:24:32.809+0000] {dag.py:3096} INFO - Sync 1 DAGs
[2026-03-30T17:24:32.824+0000] {logging_mixin.py:188} INFO - [2026-03-30T17:24:32.824+0000] {dag.py:3954} INFO - Setting next_dagrun for job_market_pipeline to 2026-03-30 06:00:00+00:00, run_after=2026-03-31 06:00:00+00:00
[2026-03-30T17:24:32.839+0000] {processor.py:183} INFO - Processing /opt/airflow/dags/job_pipeline_dag.py took 0.073 seconds
[2026-03-30T17:25:02.988+0000] {processor.py:161} INFO - Started process (PID=138) to work on /opt/airflow/dags/job_pipeline_dag.py
[2026-03-30T17:25:02.989+0000] {processor.py:830} INFO - Processing file /opt/airflow/dags/job_pipeline_dag.py for tasks to queue
[2026-03-30T17:25:02.993+0000] {logging_mixin.py:188} INFO - [2026-03-30T17:25:02.993+0000] {dagbag.py:540} INFO - Filling up the DagBag from /opt/airflow/dags/job_pipeline_dag.py
[2026-03-30T17:25:03.006+0000] {processor.py:840} INFO - DAG(s) 'job_market_pipeline' retrieved from /opt/airflow/dags/job_pipeline_dag.py
[2026-03-30T17:25:03.025+0000] {logging_mixin.py:188} INFO - [2026-03-30T17:25:03.025+0000] {dag.py:3096} INFO - Sync 1 DAGs
[2026-03-30T17:25:03.039+0000] {logging_mixin.py:188} INFO - [2026-03-30T17:25:03.039+0000] {dag.py:3954} INFO - Setting next_dagrun for job_market_pipeline to 2026-03-30 06:00:00+00:00, run_after=2026-03-31 06:00:00+00:00
[2026-03-30T17:25:03.055+0000] {processor.py:183} INFO - Processing /opt/airflow/dags/job_pipeline_dag.py took 0.073 seconds
[2026-03-30T17:25:33.205+0000] {processor.py:161} INFO - Started process (PID=139) to work on /opt/airflow/dags/job_pipeline_dag.py
[2026-03-30T17:25:33.206+0000] {processor.py:830} INFO - Processing file /opt/airflow/dags/job_pipeline_dag.py for tasks to queue
[2026-03-30T17:25:33.208+0000] {logging_mixin.py:188} INFO - [2026-03-30T17:25:33.208+0000] {dagbag.py:540} INFO - Filling up the DagBag from /opt/airflow/dags/job_pipeline_dag.py
[2026-03-30T17:25:33.219+0000] {processor.py:840} INFO - DAG(s) 'job_market_pipeline' retrieved from /opt/airflow/dags/job_pipeline_dag.py
[2026-03-30T17:25:33.235+0000] {logging_mixin.py:188} INFO - [2026-03-30T17:25:33.235+0000] {dag.py:3096} INFO - Sync 1 DAGs
[2026-03-30T17:25:33.249+0000] {logging_mixin.py:188} INFO - [2026-03-30T17:25:33.249+0000] {dag.py:3954} INFO - Setting next_dagrun for job_market_pipeline to 2026-03-30 06:00:00+00:00, run_after=2026-03-31 06:00:00+00:00
[2026-03-30T17:25:33.264+0000] {processor.py:183} INFO - Processing /opt/airflow/dags/job_pipeline_dag.py took 0.065 seconds
[2026-03-30T17:26:03.423+0000] {processor.py:161} INFO - Started process (PID=140) to work on /opt/airflow/dags/job_pipeline_dag.py
[2026-03-30T17:26:03.424+0000] {processor.py:830} INFO - Processing file /opt/airflow/dags/job_pipeline_dag.py for tasks to queue
[2026-03-30T17:26:03.426+0000] {logging_mixin.py:188} INFO - [2026-03-30T17:26:03.425+0000] {dagbag.py:540} INFO - Filling up the DagBag from /opt/airflow/dags/job_pipeline_dag.py
[2026-03-30T17:26:03.436+0000] {processor.py:840} INFO - DAG(s) 'job_market_pipeline' retrieved from /opt/airflow/dags/job_pipeline_dag.py
[2026-03-30T17:26:03.457+0000] {logging_mixin.py:188} INFO - [2026-03-30T17:26:03.457+0000] {dag.py:3096} INFO - Sync 1 DAGs
[2026-03-30T17:26:03.473+0000] {logging_mixin.py:188} INFO - [2026-03-30T17:26:03.473+0000] {dag.py:3954} INFO - Setting next_dagrun for job_market_pipeline to 2026-03-30 06:00:00+00:00, run_after=2026-03-31 06:00:00+00:00
[2026-03-30T17:26:03.487+0000] {processor.py:183} INFO - Processing /opt/airflow/dags/job_pipeline_dag.py took 0.073 seconds
[2026-03-30T17:26:33.641+0000] {processor.py:161} INFO - Started process (PID=141) to work on /opt/airflow/dags/job_pipeline_dag.py
[2026-03-30T17:26:33.643+0000] {processor.py:830} INFO - Processing file /opt/airflow/dags/job_pipeline_dag.py for tasks to queue
[2026-03-30T17:26:33.644+0000] {logging_mixin.py:188} INFO - [2026-03-30T17:26:33.644+0000] {dagbag.py:540} INFO - Filling up the DagBag from /opt/airflow/dags/job_pipeline_dag.py
[2026-03-30T17:26:33.653+0000] {processor.py:840} INFO - DAG(s) 'job_market_pipeline' retrieved from /opt/airflow/dags/job_pipeline_dag.py
[2026-03-30T17:26:33.667+0000] {logging_mixin.py:188} INFO - [2026-03-30T17:26:33.667+0000] {dag.py:3096} INFO - Sync 1 DAGs
[2026-03-30T17:26:33.679+0000] {logging_mixin.py:188} INFO - [2026-03-30T17:26:33.679+0000] {dag.py:3954} INFO - Setting next_dagrun for job_market_pipeline to 2026-03-30 06:00:00+00:00, run_after=2026-03-31 06:00:00+00:00
[2026-03-30T17:26:33.692+0000] {processor.py:183} INFO - Processing /opt/airflow/dags/job_pipeline_dag.py took 0.059 seconds
[2026-03-30T17:27:03.858+0000] {processor.py:161} INFO - Started process (PID=142) to work on /opt/airflow/dags/job_pipeline_dag.py
[2026-03-30T17:27:03.860+0000] {processor.py:830} INFO - Processing file /opt/airflow/dags/job_pipeline_dag.py for tasks to queue
[2026-03-30T17:27:03.862+0000] {logging_mixin.py:188} INFO - [2026-03-30T17:27:03.861+0000] {dagbag.py:540} INFO - Filling up the DagBag from /opt/airflow/dags/job_pipeline_dag.py
[2026-03-30T17:27:03.873+0000] {processor.py:840} INFO - DAG(s) 'job_market_pipeline' retrieved from /opt/airflow/dags/job_pipeline_dag.py
[2026-03-30T17:27:03.888+0000] {logging_mixin.py:188} INFO - [2026-03-30T17:27:03.888+0000] {dag.py:3096} INFO - Sync 1 DAGs
[2026-03-30T17:27:03.902+0000] {logging_mixin.py:188} INFO - [2026-03-30T17:27:03.901+0000] {dag.py:3954} INFO - Setting next_dagrun for job_market_pipeline to 2026-03-30 06:00:00+00:00, run_after=2026-03-31 06:00:00+00:00
[2026-03-30T17:27:03.915+0000] {processor.py:183} INFO - Processing /opt/airflow/dags/job_pipeline_dag.py took 0.063 seconds
[2026-03-30T17:27:33.988+0000] {processor.py:161} INFO - Started process (PID=143) to work on /opt/airflow/dags/job_pipeline_dag.py
[2026-03-30T17:27:33.990+0000] {processor.py:830} INFO - Processing file /opt/airflow/dags/job_pipeline_dag.py for tasks to queue
[2026-03-30T17:27:33.992+0000] {logging_mixin.py:188} INFO - [2026-03-30T17:27:33.992+0000] {dagbag.py:540} INFO - Filling up the DagBag from /opt/airflow/dags/job_pipeline_dag.py
[2026-03-30T17:27:34.004+0000] {processor.py:840} INFO - DAG(s) 'job_market_pipeline' retrieved from /opt/airflow/dags/job_pipeline_dag.py
[2026-03-30T17:27:34.022+0000] {logging_mixin.py:188} INFO - [2026-03-30T17:27:34.022+0000] {dag.py:3096} INFO - Sync 1 DAGs
[2026-03-30T17:27:34.037+0000] {logging_mixin.py:188} INFO - [2026-03-30T17:27:34.037+0000] {dag.py:3954} INFO - Setting next_dagrun for job_market_pipeline to 2026-03-30 06:00:00+00:00, run_after=2026-03-31 06:00:00+00:00
[2026-03-30T17:27:34.051+0000] {processor.py:183} INFO - Processing /opt/airflow/dags/job_pipeline_dag.py took 0.070 seconds
[2026-03-30T17:28:04.205+0000] {processor.py:161} INFO - Started process (PID=144) to work on /opt/airflow/dags/job_pipeline_dag.py
[2026-03-30T17:28:04.206+0000] {processor.py:830} INFO - Processing file /opt/airflow/dags/job_pipeline_dag.py for tasks to queue
[2026-03-30T17:28:04.209+0000] {logging_mixin.py:188} INFO - [2026-03-30T17:28:04.208+0000] {dagbag.py:540} INFO - Filling up the DagBag from /opt/airflow/dags/job_pipeline_dag.py
[2026-03-30T17:28:04.222+0000] {processor.py:840} INFO - DAG(s) 'job_market_pipeline' retrieved from /opt/airflow/dags/job_pipeline_dag.py
[2026-03-30T17:28:04.240+0000] {logging_mixin.py:188} INFO - [2026-03-30T17:28:04.240+0000] {dag.py:3096} INFO - Sync 1 DAGs
[2026-03-30T17:28:04.261+0000] {logging_mixin.py:188} INFO - [2026-03-30T17:28:04.261+0000] {dag.py:3954} INFO - Setting next_dagrun for job_market_pipeline to 2026-03-30 06:00:00+00:00, run_after=2026-03-31 06:00:00+00:00
[2026-03-30T17:28:04.284+0000] {processor.py:183} INFO - Processing /opt/airflow/dags/job_pipeline_dag.py took 0.086 seconds
[2026-03-30T17:28:34.444+0000] {processor.py:161} INFO - Started process (PID=157) to work on /opt/airflow/dags/job_pipeline_dag.py
[2026-03-30T17:28:34.446+0000] {processor.py:830} INFO - Processing file /opt/airflow/dags/job_pipeline_dag.py for tasks to queue
[2026-03-30T17:28:34.448+0000] {logging_mixin.py:188} INFO - [2026-03-30T17:28:34.448+0000] {dagbag.py:540} INFO - Filling up the DagBag from /opt/airflow/dags/job_pipeline_dag.py
[2026-03-30T17:28:34.459+0000] {processor.py:840} INFO - DAG(s) 'job_market_pipeline' retrieved from /opt/airflow/dags/job_pipeline_dag.py
[2026-03-30T17:28:34.478+0000] {logging_mixin.py:188} INFO - [2026-03-30T17:28:34.478+0000] {dag.py:3096} INFO - Sync 1 DAGs
[2026-03-30T17:28:34.495+0000] {logging_mixin.py:188} INFO - [2026-03-30T17:28:34.494+0000] {dag.py:3954} INFO - Setting next_dagrun for job_market_pipeline to 2026-03-30 06:00:00+00:00, run_after=2026-03-31 06:00:00+00:00
[2026-03-30T17:28:34.511+0000] {processor.py:183} INFO - Processing /opt/airflow/dags/job_pipeline_dag.py took 0.074 seconds
[2026-03-30T17:29:04.684+0000] {processor.py:161} INFO - Started process (PID=158) to work on /opt/airflow/dags/job_pipeline_dag.py
[2026-03-30T17:29:04.685+0000] {processor.py:830} INFO - Processing file /opt/airflow/dags/job_pipeline_dag.py for tasks to queue
[2026-03-30T17:29:04.687+0000] {logging_mixin.py:188} INFO - [2026-03-30T17:29:04.687+0000] {dagbag.py:540} INFO - Filling up the DagBag from /opt/airflow/dags/job_pipeline_dag.py
[2026-03-30T17:29:04.699+0000] {processor.py:840} INFO - DAG(s) 'job_market_pipeline' retrieved from /opt/airflow/dags/job_pipeline_dag.py
[2026-03-30T17:29:04.716+0000] {logging_mixin.py:188} INFO - [2026-03-30T17:29:04.716+0000] {dag.py:3096} INFO - Sync 1 DAGs
[2026-03-30T17:29:04.730+0000] {logging_mixin.py:188} INFO - [2026-03-30T17:29:04.730+0000] {dag.py:3954} INFO - Setting next_dagrun for job_market_pipeline to 2026-03-30 06:00:00+00:00, run_after=2026-03-31 06:00:00+00:00
[2026-03-30T17:29:04.743+0000] {processor.py:183} INFO - Processing /opt/airflow/dags/job_pipeline_dag.py took 0.065 seconds
[2026-03-30T17:29:34.910+0000] {processor.py:161} INFO - Started process (PID=159) to work on /opt/airflow/dags/job_pipeline_dag.py
[2026-03-30T17:29:34.911+0000] {processor.py:830} INFO - Processing file /opt/airflow/dags/job_pipeline_dag.py for tasks to queue
[2026-03-30T17:29:34.913+0000] {logging_mixin.py:188} INFO - [2026-03-30T17:29:34.912+0000] {dagbag.py:540} INFO - Filling up the DagBag from /opt/airflow/dags/job_pipeline_dag.py
[2026-03-30T17:29:34.923+0000] {processor.py:840} INFO - DAG(s) 'job_market_pipeline' retrieved from /opt/airflow/dags/job_pipeline_dag.py
[2026-03-30T17:29:34.938+0000] {logging_mixin.py:188} INFO - [2026-03-30T17:29:34.938+0000] {dag.py:3096} INFO - Sync 1 DAGs
[2026-03-30T17:29:34.953+0000] {logging_mixin.py:188} INFO - [2026-03-30T17:29:34.953+0000] {dag.py:3954} INFO - Setting next_dagrun for job_market_pipeline to 2026-03-30 06:00:00+00:00, run_after=2026-03-31 06:00:00+00:00
[2026-03-30T17:29:34.968+0000] {processor.py:183} INFO - Processing /opt/airflow/dags/job_pipeline_dag.py took 0.065 seconds
[2026-03-30T17:30:05.152+0000] {processor.py:161} INFO - Started process (PID=160) to work on /opt/airflow/dags/job_pipeline_dag.py
[2026-03-30T17:30:05.153+0000] {processor.py:830} INFO - Processing file /opt/airflow/dags/job_pipeline_dag.py for tasks to queue
[2026-03-30T17:30:05.155+0000] {logging_mixin.py:188} INFO - [2026-03-30T17:30:05.155+0000] {dagbag.py:540} INFO - Filling up the DagBag from /opt/airflow/dags/job_pipeline_dag.py
[2026-03-30T17:30:05.167+0000] {processor.py:840} INFO - DAG(s) 'job_market_pipeline' retrieved from /opt/airflow/dags/job_pipeline_dag.py
[2026-03-30T17:30:05.184+0000] {logging_mixin.py:188} INFO - [2026-03-30T17:30:05.184+0000] {dag.py:3096} INFO - Sync 1 DAGs
[2026-03-30T17:30:05.196+0000] {logging_mixin.py:188} INFO - [2026-03-30T17:30:05.196+0000] {dag.py:3954} INFO - Setting next_dagrun for job_market_pipeline to 2026-03-30 06:00:00+00:00, run_after=2026-03-31 06:00:00+00:00
[2026-03-30T17:30:05.210+0000] {processor.py:183} INFO - Processing /opt/airflow/dags/job_pipeline_dag.py took 0.063 seconds
[2026-03-30T17:30:35.395+0000] {processor.py:161} INFO - Started process (PID=161) to work on /opt/airflow/dags/job_pipeline_dag.py
[2026-03-30T17:30:35.396+0000] {processor.py:830} INFO - Processing file /opt/airflow/dags/job_pipeline_dag.py for tasks to queue
[2026-03-30T17:30:35.399+0000] {logging_mixin.py:188} INFO - [2026-03-30T17:30:35.398+0000] {dagbag.py:540} INFO - Filling up the DagBag from /opt/airflow/dags/job_pipeline_dag.py
[2026-03-30T17:30:35.409+0000] {processor.py:840} INFO - DAG(s) 'job_market_pipeline' retrieved from /opt/airflow/dags/job_pipeline_dag.py
[2026-03-30T17:30:35.427+0000] {logging_mixin.py:188} INFO - [2026-03-30T17:30:35.427+0000] {dag.py:3096} INFO - Sync 1 DAGs
[2026-03-30T17:30:35.441+0000] {logging_mixin.py:188} INFO - [2026-03-30T17:30:35.441+0000] {dag.py:3954} INFO - Setting next_dagrun for job_market_pipeline to 2026-03-30 06:00:00+00:00, run_after=2026-03-31 06:00:00+00:00
[2026-03-30T17:30:35.453+0000] {processor.py:183} INFO - Processing /opt/airflow/dags/job_pipeline_dag.py took 0.064 seconds
[2026-03-30T17:31:05.632+0000] {processor.py:161} INFO - Started process (PID=162) to work on /opt/airflow/dags/job_pipeline_dag.py
[2026-03-30T17:31:05.633+0000] {processor.py:830} INFO - Processing file /opt/airflow/dags/job_pipeline_dag.py for tasks to queue
[2026-03-30T17:31:05.635+0000] {logging_mixin.py:188} INFO - [2026-03-30T17:31:05.634+0000] {dagbag.py:540} INFO - Filling up the DagBag from /opt/airflow/dags/job_pipeline_dag.py
[2026-03-30T17:31:05.645+0000] {processor.py:840} INFO - DAG(s) 'job_market_pipeline' retrieved from /opt/airflow/dags/job_pipeline_dag.py
[2026-03-30T17:31:05.660+0000] {logging_mixin.py:188} INFO - [2026-03-30T17:31:05.660+0000] {dag.py:3096} INFO - Sync 1 DAGs
[2026-03-30T17:31:05.674+0000] {logging_mixin.py:188} INFO - [2026-03-30T17:31:05.674+0000] {dag.py:3954} INFO - Setting next_dagrun for job_market_pipeline to 2026-03-30 06:00:00+00:00, run_after=2026-03-31 06:00:00+00:00
[2026-03-30T17:31:05.687+0000] {processor.py:183} INFO - Processing /opt/airflow/dags/job_pipeline_dag.py took 0.062 seconds
[2026-03-30T17:31:35.871+0000] {processor.py:161} INFO - Started process (PID=163) to work on /opt/airflow/dags/job_pipeline_dag.py
[2026-03-30T17:31:35.872+0000] {processor.py:830} INFO - Processing file /opt/airflow/dags/job_pipeline_dag.py for tasks to queue
[2026-03-30T17:31:35.874+0000] {logging_mixin.py:188} INFO - [2026-03-30T17:31:35.873+0000] {dagbag.py:540} INFO - Filling up the DagBag from /opt/airflow/dags/job_pipeline_dag.py
[2026-03-30T17:31:35.883+0000] {processor.py:840} INFO - DAG(s) 'job_market_pipeline' retrieved from /opt/airflow/dags/job_pipeline_dag.py
[2026-03-30T17:31:35.898+0000] {logging_mixin.py:188} INFO - [2026-03-30T17:31:35.898+0000] {dag.py:3096} INFO - Sync 1 DAGs
[2026-03-30T17:31:35.910+0000] {logging_mixin.py:188} INFO - [2026-03-30T17:31:35.910+0000] {dag.py:3954} INFO - Setting next_dagrun for job_market_pipeline to 2026-03-30 06:00:00+00:00, run_after=2026-03-31 06:00:00+00:00
[2026-03-30T17:31:35.924+0000] {processor.py:183} INFO - Processing /opt/airflow/dags/job_pipeline_dag.py took 0.058 seconds
[2026-03-30T17:32:06.112+0000] {processor.py:161} INFO - Started process (PID=164) to work on /opt/airflow/dags/job_pipeline_dag.py
[2026-03-30T17:32:06.113+0000] {processor.py:830} INFO - Processing file /opt/airflow/dags/job_pipeline_dag.py for tasks to queue
[2026-03-30T17:32:06.115+0000] {logging_mixin.py:188} INFO - [2026-03-30T17:32:06.114+0000] {dagbag.py:540} INFO - Filling up the DagBag from /opt/airflow/dags/job_pipeline_dag.py
[2026-03-30T17:32:06.124+0000] {processor.py:840} INFO - DAG(s) 'job_market_pipeline' retrieved from /opt/airflow/dags/job_pipeline_dag.py
[2026-03-30T17:32:06.139+0000] {logging_mixin.py:188} INFO - [2026-03-30T17:32:06.138+0000] {dag.py:3096} INFO - Sync 1 DAGs
[2026-03-30T17:32:06.152+0000] {logging_mixin.py:188} INFO - [2026-03-30T17:32:06.151+0000] {dag.py:3954} INFO - Setting next_dagrun for job_market_pipeline to 2026-03-30 06:00:00+00:00, run_after=2026-03-31 06:00:00+00:00
[2026-03-30T17:32:06.165+0000] {processor.py:183} INFO - Processing /opt/airflow/dags/job_pipeline_dag.py took 0.058 seconds
[2026-03-30T17:32:36.356+0000] {processor.py:161} INFO - Started process (PID=165) to work on /opt/airflow/dags/job_pipeline_dag.py
[2026-03-30T17:32:36.357+0000] {processor.py:830} INFO - Processing file /opt/airflow/dags/job_pipeline_dag.py for tasks to queue
[2026-03-30T17:32:36.358+0000] {logging_mixin.py:188} INFO - [2026-03-30T17:32:36.358+0000] {dagbag.py:540} INFO - Filling up the DagBag from /opt/airflow/dags/job_pipeline_dag.py
[2026-03-30T17:32:36.367+0000] {processor.py:840} INFO - DAG(s) 'job_market_pipeline' retrieved from /opt/airflow/dags/job_pipeline_dag.py
[2026-03-30T17:32:36.381+0000] {logging_mixin.py:188} INFO - [2026-03-30T17:32:36.381+0000] {dag.py:3096} INFO - Sync 1 DAGs
[2026-03-30T17:32:36.394+0000] {logging_mixin.py:188} INFO - [2026-03-30T17:32:36.394+0000] {dag.py:3954} INFO - Setting next_dagrun for job_market_pipeline to 2026-03-30 06:00:00+00:00, run_after=2026-03-31 06:00:00+00:00
[2026-03-30T17:32:36.407+0000] {processor.py:183} INFO - Processing /opt/airflow/dags/job_pipeline_dag.py took 0.057 seconds
[2026-03-30T17:33:06.595+0000] {processor.py:161} INFO - Started process (PID=166) to work on /opt/airflow/dags/job_pipeline_dag.py
[2026-03-30T17:33:06.596+0000] {processor.py:830} INFO - Processing file /opt/airflow/dags/job_pipeline_dag.py for tasks to queue
[2026-03-30T17:33:06.598+0000] {logging_mixin.py:188} INFO - [2026-03-30T17:33:06.597+0000] {dagbag.py:540} INFO - Filling up the DagBag from /opt/airflow/dags/job_pipeline_dag.py
[2026-03-30T17:33:06.608+0000] {processor.py:840} INFO - DAG(s) 'job_market_pipeline' retrieved from /opt/airflow/dags/job_pipeline_dag.py
[2026-03-30T17:33:06.624+0000] {logging_mixin.py:188} INFO - [2026-03-30T17:33:06.624+0000] {dag.py:3096} INFO - Sync 1 DAGs
[2026-03-30T17:33:06.637+0000] {logging_mixin.py:188} INFO - [2026-03-30T17:33:06.637+0000] {dag.py:3954} INFO - Setting next_dagrun for job_market_pipeline to 2026-03-30 06:00:00+00:00, run_after=2026-03-31 06:00:00+00:00
[2026-03-30T17:33:06.650+0000] {processor.py:183} INFO - Processing /opt/airflow/dags/job_pipeline_dag.py took 0.061 seconds
[2026-03-30T17:33:36.827+0000] {processor.py:161} INFO - Started process (PID=179) to work on /opt/airflow/dags/job_pipeline_dag.py
[2026-03-30T17:33:36.828+0000] {processor.py:830} INFO - Processing file /opt/airflow/dags/job_pipeline_dag.py for tasks to queue
[2026-03-30T17:33:36.830+0000] {logging_mixin.py:188} INFO - [2026-03-30T17:33:36.829+0000] {dagbag.py:540} INFO - Filling up the DagBag from /opt/airflow/dags/job_pipeline_dag.py
[2026-03-30T17:33:36.840+0000] {processor.py:840} INFO - DAG(s) 'job_market_pipeline' retrieved from /opt/airflow/dags/job_pipeline_dag.py
[2026-03-30T17:33:36.857+0000] {logging_mixin.py:188} INFO - [2026-03-30T17:33:36.857+0000] {dag.py:3096} INFO - Sync 1 DAGs
[2026-03-30T17:33:36.870+0000] {logging_mixin.py:188} INFO - [2026-03-30T17:33:36.870+0000] {dag.py:3954} INFO - Setting next_dagrun for job_market_pipeline to 2026-03-30 06:00:00+00:00, run_after=2026-03-31 06:00:00+00:00
[2026-03-30T17:33:36.883+0000] {processor.py:183} INFO - Processing /opt/airflow/dags/job_pipeline_dag.py took 0.063 seconds
[2026-03-30T17:34:07.045+0000] {processor.py:161} INFO - Started process (PID=180) to work on /opt/airflow/dags/job_pipeline_dag.py
[2026-03-30T17:34:07.045+0000] {processor.py:830} INFO - Processing file /opt/airflow/dags/job_pipeline_dag.py for tasks to queue
[2026-03-30T17:34:07.047+0000] {logging_mixin.py:188} INFO - [2026-03-30T17:34:07.047+0000] {dagbag.py:540} INFO - Filling up the DagBag from /opt/airflow/dags/job_pipeline_dag.py
[2026-03-30T17:34:07.056+0000] {processor.py:840} INFO - DAG(s) 'job_market_pipeline' retrieved from /opt/airflow/dags/job_pipeline_dag.py
[2026-03-30T17:34:07.071+0000] {logging_mixin.py:188} INFO - [2026-03-30T17:34:07.071+0000] {dag.py:3096} INFO - Sync 1 DAGs
[2026-03-30T17:34:07.085+0000] {logging_mixin.py:188} INFO - [2026-03-30T17:34:07.084+0000] {dag.py:3954} INFO - Setting next_dagrun for job_market_pipeline to 2026-03-30 06:00:00+00:00, run_after=2026-03-31 06:00:00+00:00
[2026-03-30T17:34:07.099+0000] {processor.py:183} INFO - Processing /opt/airflow/dags/job_pipeline_dag.py took 0.060 seconds
[2026-03-30T17:34:37.273+0000] {processor.py:161} INFO - Started process (PID=181) to work on /opt/airflow/dags/job_pipeline_dag.py
[2026-03-30T17:34:37.275+0000] {processor.py:830} INFO - Processing file /opt/airflow/dags/job_pipeline_dag.py for tasks to queue
[2026-03-30T17:34:37.276+0000] {logging_mixin.py:188} INFO - [2026-03-30T17:34:37.276+0000] {dagbag.py:540} INFO - Filling up the DagBag from /opt/airflow/dags/job_pipeline_dag.py
[2026-03-30T17:34:37.285+0000] {processor.py:840} INFO - DAG(s) 'job_market_pipeline' retrieved from /opt/airflow/dags/job_pipeline_dag.py
[2026-03-30T17:34:37.301+0000] {logging_mixin.py:188} INFO - [2026-03-30T17:34:37.300+0000] {dag.py:3096} INFO - Sync 1 DAGs
[2026-03-30T17:34:37.313+0000] {logging_mixin.py:188} INFO - [2026-03-30T17:34:37.313+0000] {dag.py:3954} INFO - Setting next_dagrun for job_market_pipeline to 2026-03-30 06:00:00+00:00, run_after=2026-03-31 06:00:00+00:00
[2026-03-30T17:34:37.328+0000] {processor.py:183} INFO - Processing /opt/airflow/dags/job_pipeline_dag.py took 0.064 seconds
[2026-03-30T17:35:07.488+0000] {processor.py:161} INFO - Started process (PID=182) to work on /opt/airflow/dags/job_pipeline_dag.py
[2026-03-30T17:35:07.489+0000] {processor.py:830} INFO - Processing file /opt/airflow/dags/job_pipeline_dag.py for tasks to queue
[2026-03-30T17:35:07.491+0000] {logging_mixin.py:188} INFO - [2026-03-30T17:35:07.491+0000] {dagbag.py:540} INFO - Filling up the DagBag from /opt/airflow/dags/job_pipeline_dag.py
[2026-03-30T17:35:07.501+0000] {processor.py:840} INFO - DAG(s) 'job_market_pipeline' retrieved from /opt/airflow/dags/job_pipeline_dag.py
[2026-03-30T17:35:07.516+0000] {logging_mixin.py:188} INFO - [2026-03-30T17:35:07.516+0000] {dag.py:3096} INFO - Sync 1 DAGs
[2026-03-30T17:35:07.528+0000] {logging_mixin.py:188} INFO - [2026-03-30T17:35:07.528+0000] {dag.py:3954} INFO - Setting next_dagrun for job_market_pipeline to 2026-03-30 06:00:00+00:00, run_after=2026-03-31 06:00:00+00:00
[2026-03-30T17:35:07.540+0000] {processor.py:183} INFO - Processing /opt/airflow/dags/job_pipeline_dag.py took 0.059 seconds
[2026-03-30T17:35:37.703+0000] {processor.py:161} INFO - Started process (PID=183) to work on /opt/airflow/dags/job_pipeline_dag.py
[2026-03-30T17:35:37.705+0000] {processor.py:830} INFO - Processing file /opt/airflow/dags/job_pipeline_dag.py for tasks to queue
[2026-03-30T17:35:37.706+0000] {logging_mixin.py:188} INFO - [2026-03-30T17:35:37.706+0000] {dagbag.py:540} INFO - Filling up the DagBag from /opt/airflow/dags/job_pipeline_dag.py
[2026-03-30T17:35:37.715+0000] {processor.py:840} INFO - DAG(s) 'job_market_pipeline' retrieved from /opt/airflow/dags/job_pipeline_dag.py
[2026-03-30T17:35:37.731+0000] {logging_mixin.py:188} INFO - [2026-03-30T17:35:37.731+0000] {dag.py:3096} INFO - Sync 1 DAGs
[2026-03-30T17:35:37.745+0000] {logging_mixin.py:188} INFO - [2026-03-30T17:35:37.745+0000] {dag.py:3954} INFO - Setting next_dagrun for job_market_pipeline to 2026-03-30 06:00:00+00:00, run_after=2026-03-31 06:00:00+00:00
[2026-03-30T17:35:37.761+0000] {processor.py:183} INFO - Processing /opt/airflow/dags/job_pipeline_dag.py took 0.062 seconds
[2026-03-30T17:36:07.938+0000] {processor.py:161} INFO - Started process (PID=184) to work on /opt/airflow/dags/job_pipeline_dag.py
[2026-03-30T17:36:07.939+0000] {processor.py:830} INFO - Processing file /opt/airflow/dags/job_pipeline_dag.py for tasks to queue
[2026-03-30T17:36:07.941+0000] {logging_mixin.py:188} INFO - [2026-03-30T17:36:07.941+0000] {dagbag.py:540} INFO - Filling up the DagBag from /opt/airflow/dags/job_pipeline_dag.py
[2026-03-30T17:36:07.950+0000] {processor.py:840} INFO - DAG(s) 'job_market_pipeline' retrieved from /opt/airflow/dags/job_pipeline_dag.py
[2026-03-30T17:36:07.966+0000] {logging_mixin.py:188} INFO - [2026-03-30T17:36:07.966+0000] {dag.py:3096} INFO - Sync 1 DAGs
[2026-03-30T17:36:07.979+0000] {logging_mixin.py:188} INFO - [2026-03-30T17:36:07.978+0000] {dag.py:3954} INFO - Setting next_dagrun for job_market_pipeline to 2026-03-30 06:00:00+00:00, run_after=2026-03-31 06:00:00+00:00
[2026-03-30T17:36:07.993+0000] {processor.py:183} INFO - Processing /opt/airflow/dags/job_pipeline_dag.py took 0.062 seconds
[2026-03-30T17:36:38.069+0000] {processor.py:161} INFO - Started process (PID=185) to work on /opt/airflow/dags/job_pipeline_dag.py
[2026-03-30T17:36:38.070+0000] {processor.py:830} INFO - Processing file /opt/airflow/dags/job_pipeline_dag.py for tasks to queue
[2026-03-30T17:36:38.071+0000] {logging_mixin.py:188} INFO - [2026-03-30T17:36:38.071+0000] {dagbag.py:540} INFO - Filling up the DagBag from /opt/airflow/dags/job_pipeline_dag.py
[2026-03-30T17:36:38.080+0000] {processor.py:840} INFO - DAG(s) 'job_market_pipeline' retrieved from /opt/airflow/dags/job_pipeline_dag.py
[2026-03-30T17:36:38.095+0000] {logging_mixin.py:188} INFO - [2026-03-30T17:36:38.094+0000] {dag.py:3096} INFO - Sync 1 DAGs
[2026-03-30T17:36:38.108+0000] {logging_mixin.py:188} INFO - [2026-03-30T17:36:38.108+0000] {dag.py:3954} INFO - Setting next_dagrun for job_market_pipeline to 2026-03-30 06:00:00+00:00, run_after=2026-03-31 06:00:00+00:00
[2026-03-30T17:36:38.122+0000] {processor.py:183} INFO - Processing /opt/airflow/dags/job_pipeline_dag.py took 0.060 seconds
[2026-03-30T17:37:08.285+0000] {processor.py:161} INFO - Started process (PID=186) to work on /opt/airflow/dags/job_pipeline_dag.py
[2026-03-30T17:37:08.286+0000] {processor.py:830} INFO - Processing file /opt/airflow/dags/job_pipeline_dag.py for tasks to queue
[2026-03-30T17:37:08.287+0000] {logging_mixin.py:188} INFO - [2026-03-30T17:37:08.287+0000] {dagbag.py:540} INFO - Filling up the DagBag from /opt/airflow/dags/job_pipeline_dag.py
[2026-03-30T17:37:08.297+0000] {processor.py:840} INFO - DAG(s) 'job_market_pipeline' retrieved from /opt/airflow/dags/job_pipeline_dag.py
[2026-03-30T17:37:08.314+0000] {logging_mixin.py:188} INFO - [2026-03-30T17:37:08.313+0000] {dag.py:3096} INFO - Sync 1 DAGs
[2026-03-30T17:37:08.328+0000] {logging_mixin.py:188} INFO - [2026-03-30T17:37:08.328+0000] {dag.py:3954} INFO - Setting next_dagrun for job_market_pipeline to 2026-03-30 06:00:00+00:00, run_after=2026-03-31 06:00:00+00:00
[2026-03-30T17:37:08.342+0000] {processor.py:183} INFO - Processing /opt/airflow/dags/job_pipeline_dag.py took 0.064 seconds
[2026-03-30T17:37:38.505+0000] {processor.py:161} INFO - Started process (PID=187) to work on /opt/airflow/dags/job_pipeline_dag.py
[2026-03-30T17:37:38.505+0000] {processor.py:830} INFO - Processing file /opt/airflow/dags/job_pipeline_dag.py for tasks to queue
[2026-03-30T17:37:38.507+0000] {logging_mixin.py:188} INFO - [2026-03-30T17:37:38.507+0000] {dagbag.py:540} INFO - Filling up the DagBag from /opt/airflow/dags/job_pipeline_dag.py
[2026-03-30T17:37:38.516+0000] {processor.py:840} INFO - DAG(s) 'job_market_pipeline' retrieved from /opt/airflow/dags/job_pipeline_dag.py
[2026-03-30T17:37:38.533+0000] {logging_mixin.py:188} INFO - [2026-03-30T17:37:38.533+0000] {dag.py:3096} INFO - Sync 1 DAGs
[2026-03-30T17:37:38.547+0000] {logging_mixin.py:188} INFO - [2026-03-30T17:37:38.547+0000] {dag.py:3954} INFO - Setting next_dagrun for job_market_pipeline to 2026-03-30 06:00:00+00:00, run_after=2026-03-31 06:00:00+00:00
[2026-03-30T17:37:38.560+0000] {processor.py:183} INFO - Processing /opt/airflow/dags/job_pipeline_dag.py took 0.060 seconds
[2026-03-30T18:08:03.246+0000] {processor.py:161} INFO - Started process (PID=189) to work on /opt/airflow/dags/job_pipeline_dag.py
[2026-03-30T18:08:03.247+0000] {processor.py:830} INFO - Processing file /opt/airflow/dags/job_pipeline_dag.py for tasks to queue
[2026-03-30T18:08:03.250+0000] {logging_mixin.py:188} INFO - [2026-03-30T18:08:03.249+0000] {dagbag.py:540} INFO - Filling up the DagBag from /opt/airflow/dags/job_pipeline_dag.py
[2026-03-30T18:08:03.263+0000] {processor.py:840} INFO - DAG(s) 'job_market_pipeline' retrieved from /opt/airflow/dags/job_pipeline_dag.py
[2026-03-30T18:08:03.279+0000] {logging_mixin.py:188} INFO - [2026-03-30T18:08:03.279+0000] {dag.py:3096} INFO - Sync 1 DAGs
[2026-03-30T18:08:03.295+0000] {logging_mixin.py:188} INFO - [2026-03-30T18:08:03.295+0000] {dag.py:3954} INFO - Setting next_dagrun for job_market_pipeline to 2026-03-30 06:00:00+00:00, run_after=2026-03-31 06:00:00+00:00
[2026-03-30T18:08:03.312+0000] {processor.py:183} INFO - Processing /opt/airflow/dags/job_pipeline_dag.py took 0.072 seconds
[2026-03-30T18:42:11.244+0000] {processor.py:161} INFO - Started process (PID=195) to work on /opt/airflow/dags/job_pipeline_dag.py
[2026-03-30T18:42:11.245+0000] {processor.py:830} INFO - Processing file /opt/airflow/dags/job_pipeline_dag.py for tasks to queue
[2026-03-30T18:42:11.246+0000] {logging_mixin.py:188} INFO - [2026-03-30T18:42:11.246+0000] {dagbag.py:540} INFO - Filling up the DagBag from /opt/airflow/dags/job_pipeline_dag.py
[2026-03-30T18:42:11.255+0000] {processor.py:840} INFO - DAG(s) 'job_market_pipeline' retrieved from /opt/airflow/dags/job_pipeline_dag.py
[2026-03-30T18:42:11.271+0000] {logging_mixin.py:188} INFO - [2026-03-30T18:42:11.270+0000] {dag.py:3096} INFO - Sync 1 DAGs
[2026-03-30T18:42:11.284+0000] {logging_mixin.py:188} INFO - [2026-03-30T18:42:11.284+0000] {dag.py:3954} INFO - Setting next_dagrun for job_market_pipeline to 2026-03-30 06:00:00+00:00, run_after=2026-03-31 06:00:00+00:00
[2026-03-30T18:42:11.297+0000] {processor.py:183} INFO - Processing /opt/airflow/dags/job_pipeline_dag.py took 0.057 seconds
