[2026-03-31T02:26:58.850+0000] {local_task_job_runner.py:120} INFO - ::group::Pre task execution logs
[2026-03-31T02:26:58.865+0000] {taskinstance.py:2073} INFO - Dependencies all met for dep_context=non-requeueable deps ti=<TaskInstance: job_market_pipeline.load_snowflake manual__2026-03-31T02:26:09.923849+00:00 [queued]>
[2026-03-31T02:26:58.869+0000] {taskinstance.py:2073} INFO - Dependencies all met for dep_context=requeueable deps ti=<TaskInstance: job_market_pipeline.load_snowflake manual__2026-03-31T02:26:09.923849+00:00 [queued]>
[2026-03-31T02:26:58.869+0000] {taskinstance.py:2303} INFO - Starting attempt 1 of 2
[2026-03-31T02:26:58.940+0000] {taskinstance.py:2327} INFO - Executing <Task(BashOperator): load_snowflake> on 2026-03-31 02:26:09.923849+00:00
[2026-03-31T02:26:58.942+0000] {standard_task_runner.py:63} INFO - Started process 129 to run task
[2026-03-31T02:26:58.944+0000] {standard_task_runner.py:90} INFO - Running: ['airflow', 'tasks', 'run', 'job_market_pipeline', 'load_snowflake', 'manual__2026-03-31T02:26:09.923849+00:00', '--job-id', '4', '--raw', '--subdir', 'DAGS_FOLDER/job_pipeline_dag.py', '--cfg-path', '/tmp/tmpgf115p2b']
[2026-03-31T02:26:58.945+0000] {standard_task_runner.py:91} INFO - Job 4: Subtask load_snowflake
[2026-03-31T02:26:58.965+0000] {task_command.py:426} INFO - Running <TaskInstance: job_market_pipeline.load_snowflake manual__2026-03-31T02:26:09.923849+00:00 [running]> on host ec8293ba8daf
[2026-03-31T02:26:58.996+0000] {taskinstance.py:2644} INFO - Exporting env vars: AIRFLOW_CTX_DAG_OWNER='nalluraj' AIRFLOW_CTX_DAG_ID='job_market_pipeline' AIRFLOW_CTX_TASK_ID='load_snowflake' AIRFLOW_CTX_EXECUTION_DATE='2026-03-31T02:26:09.923849+00:00' AIRFLOW_CTX_TRY_NUMBER='1' AIRFLOW_CTX_DAG_RUN_ID='manual__2026-03-31T02:26:09.923849+00:00'
[2026-03-31T02:26:58.997+0000] {taskinstance.py:430} INFO - ::endgroup::
[2026-03-31T02:26:59.007+0000] {subprocess.py:63} INFO - Tmp dir root location: /tmp
[2026-03-31T02:26:59.008+0000] {subprocess.py:75} INFO - Running command: ['/usr/bin/bash', '-c', 'cd /opt/airflow && python ingestion/snowflake_loader.py']
[2026-03-31T02:26:59.012+0000] {subprocess.py:86} INFO - Output:
[2026-03-31T02:36:54.149+0000] {subprocess.py:93} INFO - Connected to both databases successfully!
[2026-03-31T02:36:54.156+0000] {subprocess.py:93} INFO - Inserted 92 companies into Snowflake.
[2026-03-31T02:36:54.157+0000] {subprocess.py:93} INFO - Loaded 123 job postings into Snowflake
[2026-03-31T02:36:54.157+0000] {subprocess.py:93} INFO - Loaded 307 skills into Snowflake
[2026-03-31T02:36:54.285+0000] {subprocess.py:97} INFO - Command exited with return code 0
[2026-03-31T02:36:54.288+0000] {taskinstance.py:441} INFO - ::group::Post task execution logs
[2026-03-31T02:36:54.314+0000] {taskinstance.py:1205} INFO - Marking task as SUCCESS. dag_id=job_market_pipeline, task_id=load_snowflake, execution_date=20260331T022609, start_date=20260331T022658, end_date=20260331T023654
[2026-03-31T02:36:54.331+0000] {local_task_job_runner.py:240} INFO - Task exited with return code 0
[2026-03-31T02:36:54.342+0000] {taskinstance.py:3482} INFO - 0 downstream tasks scheduled from follow-on schedule check
[2026-03-31T02:36:54.342+0000] {local_task_job_runner.py:222} INFO - ::endgroup::
