[2026-03-31T02:56:50.392+0000] {local_task_job_runner.py:120} INFO - ::group::Pre task execution logs
[2026-03-31T02:56:50.407+0000] {taskinstance.py:2073} INFO - Dependencies all met for dep_context=non-requeueable deps ti=<TaskInstance: job_market_pipeline.dbt_run manual__2026-03-31T02:52:29.621265+00:00 [queued]>
[2026-03-31T02:56:50.412+0000] {taskinstance.py:2073} INFO - Dependencies all met for dep_context=requeueable deps ti=<TaskInstance: job_market_pipeline.dbt_run manual__2026-03-31T02:52:29.621265+00:00 [queued]>
[2026-03-31T02:56:50.412+0000] {taskinstance.py:2303} INFO - Starting attempt 1 of 2
[2026-03-31T02:56:50.478+0000] {taskinstance.py:2327} INFO - Executing <Task(BashOperator): dbt_run> on 2026-03-31 02:52:29.621265+00:00
[2026-03-31T02:56:50.481+0000] {standard_task_runner.py:63} INFO - Started process 148 to run task
[2026-03-31T02:56:50.483+0000] {standard_task_runner.py:90} INFO - Running: ['airflow', 'tasks', 'run', 'job_market_pipeline', 'dbt_run', 'manual__2026-03-31T02:52:29.621265+00:00', '--job-id', '5', '--raw', '--subdir', 'DAGS_FOLDER/job_pipeline_dag.py', '--cfg-path', '/tmp/tmpsn9io21w']
[2026-03-31T02:56:50.484+0000] {standard_task_runner.py:91} INFO - Job 5: Subtask dbt_run
[2026-03-31T02:56:50.505+0000] {task_command.py:426} INFO - Running <TaskInstance: job_market_pipeline.dbt_run manual__2026-03-31T02:52:29.621265+00:00 [running]> on host e80688a50da5
[2026-03-31T02:56:50.539+0000] {taskinstance.py:2644} INFO - Exporting env vars: AIRFLOW_CTX_DAG_OWNER='nalluraj' AIRFLOW_CTX_DAG_ID='job_market_pipeline' AIRFLOW_CTX_TASK_ID='dbt_run' AIRFLOW_CTX_EXECUTION_DATE='2026-03-31T02:52:29.621265+00:00' AIRFLOW_CTX_TRY_NUMBER='1' AIRFLOW_CTX_DAG_RUN_ID='manual__2026-03-31T02:52:29.621265+00:00'
[2026-03-31T02:56:50.539+0000] {taskinstance.py:430} INFO - ::endgroup::
[2026-03-31T02:56:50.549+0000] {subprocess.py:63} INFO - Tmp dir root location: /tmp
[2026-03-31T02:56:50.550+0000] {subprocess.py:75} INFO - Running command: ['/usr/bin/bash', '-c', 'cd /opt/airflow/transformation/job_market_dbt && dbt run']
[2026-03-31T02:56:50.554+0000] {subprocess.py:86} INFO - Output:
[2026-03-31T02:56:52.258+0000] {subprocess.py:93} INFO - [0m02:56:52  Running with dbt=1.11.7
[2026-03-31T02:56:52.883+0000] {subprocess.py:93} INFO - [0m02:56:52  Registered adapter: snowflake=1.11.3
[2026-03-31T02:56:53.252+0000] {subprocess.py:93} INFO - [0m02:56:53  [[33mWARNING[0m]: Configuration paths exist in your dbt_project.yml file which do not apply to any resources.
[2026-03-31T02:56:53.256+0000] {subprocess.py:93} INFO - There are 1 unused configuration paths:
[2026-03-31T02:56:53.256+0000] {subprocess.py:93} INFO - - models.job_market_dbt.example
[2026-03-31T02:56:53.360+0000] {subprocess.py:93} INFO - [0m02:56:53  Found 7 models, 8 data tests, 3 sources, 523 macros
[2026-03-31T02:56:53.362+0000] {subprocess.py:93} INFO - [0m02:56:53
[2026-03-31T02:56:53.363+0000] {subprocess.py:93} INFO - [0m02:56:53  Concurrency: 4 threads (target='dev')
[2026-03-31T02:56:53.363+0000] {subprocess.py:93} INFO - [0m02:56:53
[2026-03-31T02:56:54.781+0000] {subprocess.py:93} INFO - [0m02:56:54  1 of 7 START sql view model ANALYTICS.stg_companies ............................ [RUN]
[2026-03-31T02:56:54.782+0000] {subprocess.py:93} INFO - [0m02:56:54  2 of 7 START sql view model ANALYTICS.stg_job_postings ......................... [RUN]
[2026-03-31T02:56:55.285+0000] {subprocess.py:93} INFO - [0m02:56:55  1 of 7 OK created sql view model ANALYTICS.stg_companies ....................... [[32mSUCCESS 1[0m in 0.50s]
[2026-03-31T02:56:55.700+0000] {subprocess.py:93} INFO - [0m02:56:55  2 of 7 OK created sql view model ANALYTICS.stg_job_postings .................... [[32mSUCCESS 1[0m in 0.91s]
[2026-03-31T02:56:55.705+0000] {subprocess.py:93} INFO - [0m02:56:55  3 of 7 START sql view model ANALYTICS.mart_estimated_salary .................... [RUN]
[2026-03-31T02:56:55.706+0000] {subprocess.py:93} INFO - [0m02:56:55  4 of 7 START sql view model ANALYTICS.mart_salary_by_company ................... [RUN]
[2026-03-31T02:56:55.707+0000] {subprocess.py:93} INFO - [0m02:56:55  5 of 7 START sql view model ANALYTICS.mart_salary_by_location .................. [RUN]
[2026-03-31T02:56:55.708+0000] {subprocess.py:93} INFO - [0m02:56:55  6 of 7 START sql view model ANALYTICS.mart_salary_by_role ...................... [RUN]
[2026-03-31T02:56:56.267+0000] {subprocess.py:93} INFO - [0m02:56:56  6 of 7 OK created sql view model ANALYTICS.mart_salary_by_role ................. [[32mSUCCESS 1[0m in 0.55s]
[2026-03-31T02:56:56.271+0000] {subprocess.py:93} INFO - [0m02:56:56  7 of 7 START sql view model ANALYTICS.mart_top_skills .......................... [RUN]
[2026-03-31T02:56:56.563+0000] {subprocess.py:93} INFO - [0m02:56:56  5 of 7 OK created sql view model ANALYTICS.mart_salary_by_location ............. [[32mSUCCESS 1[0m in 0.85s]
[2026-03-31T02:56:56.617+0000] {subprocess.py:93} INFO - [0m02:56:56  7 of 7 OK created sql view model ANALYTICS.mart_top_skills ..................... [[32mSUCCESS 1[0m in 0.34s]
[2026-03-31T02:56:56.817+0000] {subprocess.py:93} INFO - [0m02:56:56  3 of 7 OK created sql view model ANALYTICS.mart_estimated_salary ............... [[32mSUCCESS 1[0m in 1.11s]
[2026-03-31T02:56:57.306+0000] {subprocess.py:93} INFO - [0m02:56:57  4 of 7 OK created sql view model ANALYTICS.mart_salary_by_company .............. [[32mSUCCESS 1[0m in 1.60s]
[2026-03-31T02:56:58.529+0000] {subprocess.py:93} INFO - [0m02:56:58
[2026-03-31T02:56:58.531+0000] {subprocess.py:93} INFO - [0m02:56:58  Finished running 7 view models in 0 hours 0 minutes and 5.16 seconds (5.16s).
[2026-03-31T02:56:58.576+0000] {subprocess.py:93} INFO - [0m02:56:58
[2026-03-31T02:56:58.577+0000] {subprocess.py:93} INFO - [0m02:56:58  [32mCompleted successfully[0m
[2026-03-31T02:56:58.577+0000] {subprocess.py:93} INFO - [0m02:56:58
[2026-03-31T02:56:58.578+0000] {subprocess.py:93} INFO - [0m02:56:58  Done. PASS=7 WARN=0 ERROR=0 SKIP=0 NO-OP=0 TOTAL=7
[2026-03-31T02:56:58.910+0000] {subprocess.py:97} INFO - Command exited with return code 0
[2026-03-31T02:56:58.910+0000] {taskinstance.py:441} INFO - ::group::Post task execution logs
[2026-03-31T02:56:58.922+0000] {taskinstance.py:1205} INFO - Marking task as SUCCESS. dag_id=job_market_pipeline, task_id=dbt_run, execution_date=20260331T025229, start_date=20260331T025650, end_date=20260331T025658
[2026-03-31T02:56:58.952+0000] {local_task_job_runner.py:240} INFO - Task exited with return code 0
[2026-03-31T02:56:58.962+0000] {taskinstance.py:3482} INFO - 1 downstream tasks scheduled from follow-on schedule check
[2026-03-31T02:56:58.964+0000] {local_task_job_runner.py:222} INFO - ::endgroup::
