[2026-03-31T02:15:30.380+0000] {local_task_job_runner.py:120} INFO - ::group::Pre task execution logs
[2026-03-31T02:15:30.395+0000] {taskinstance.py:2073} INFO - Dependencies all met for dep_context=non-requeueable deps ti=<TaskInstance: job_market_pipeline.fetch_jobs manual__2026-03-31T02:10:19.492564+00:00 [queued]>
[2026-03-31T02:15:30.399+0000] {taskinstance.py:2073} INFO - Dependencies all met for dep_context=requeueable deps ti=<TaskInstance: job_market_pipeline.fetch_jobs manual__2026-03-31T02:10:19.492564+00:00 [queued]>
[2026-03-31T02:15:30.399+0000] {taskinstance.py:2303} INFO - Starting attempt 2 of 2
[2026-03-31T02:15:30.458+0000] {taskinstance.py:2327} INFO - Executing <Task(BashOperator): fetch_jobs> on 2026-03-31 02:10:19.492564+00:00
[2026-03-31T02:15:30.460+0000] {standard_task_runner.py:63} INFO - Started process 125 to run task
[2026-03-31T02:15:30.462+0000] {standard_task_runner.py:90} INFO - Running: ['airflow', 'tasks', 'run', 'job_market_pipeline', 'fetch_jobs', 'manual__2026-03-31T02:10:19.492564+00:00', '--job-id', '3', '--raw', '--subdir', 'DAGS_FOLDER/job_pipeline_dag.py', '--cfg-path', '/tmp/tmpzu5s9uso']
[2026-03-31T02:15:30.463+0000] {standard_task_runner.py:91} INFO - Job 3: Subtask fetch_jobs
[2026-03-31T02:15:30.483+0000] {task_command.py:426} INFO - Running <TaskInstance: job_market_pipeline.fetch_jobs manual__2026-03-31T02:10:19.492564+00:00 [running]> on host d4c6d02eb21d
[2026-03-31T02:15:30.514+0000] {taskinstance.py:2644} INFO - Exporting env vars: AIRFLOW_CTX_DAG_OWNER='nalluraj' AIRFLOW_CTX_DAG_ID='job_market_pipeline' AIRFLOW_CTX_TASK_ID='fetch_jobs' AIRFLOW_CTX_EXECUTION_DATE='2026-03-31T02:10:19.492564+00:00' AIRFLOW_CTX_TRY_NUMBER='2' AIRFLOW_CTX_DAG_RUN_ID='manual__2026-03-31T02:10:19.492564+00:00'
[2026-03-31T02:15:30.515+0000] {taskinstance.py:430} INFO - ::endgroup::
[2026-03-31T02:15:30.527+0000] {subprocess.py:63} INFO - Tmp dir root location: /tmp
[2026-03-31T02:15:30.528+0000] {subprocess.py:75} INFO - Running command: ['/usr/bin/bash', '-c', 'cd /opt/airflow && python ingestion/job_fetcher.py']
[2026-03-31T02:15:30.532+0000] {subprocess.py:86} INFO - Output:
[2026-03-31T02:15:40.268+0000] {subprocess.py:93} INFO - Connected to the database successfully!
[2026-03-31T02:15:40.270+0000] {subprocess.py:93} INFO - Traceback (most recent call last):
[2026-03-31T02:15:40.271+0000] {subprocess.py:93} INFO -   File "/opt/airflow/ingestion/job_fetcher.py", line 56, in <module>
[2026-03-31T02:15:40.271+0000] {subprocess.py:93} INFO -     s3_Client.upload_file(cache_file, s3_Bucket, s3_key)
[2026-03-31T02:15:40.271+0000] {subprocess.py:93} INFO -   File "/home/airflow/.local/lib/python3.12/site-packages/boto3/s3/inject.py", line 145, in upload_file
[2026-03-31T02:15:40.271+0000] {subprocess.py:93} INFO -     return transfer.upload_file(
[2026-03-31T02:15:40.272+0000] {subprocess.py:93} INFO -            ^^^^^^^^^^^^^^^^^^^^^
[2026-03-31T02:15:40.272+0000] {subprocess.py:93} INFO -   File "/home/airflow/.local/lib/python3.12/site-packages/boto3/s3/transfer.py", line 371, in upload_file
[2026-03-31T02:15:40.272+0000] {subprocess.py:93} INFO -     future.result()
[2026-03-31T02:15:40.272+0000] {subprocess.py:93} INFO -   File "/home/airflow/.local/lib/python3.12/site-packages/s3transfer/futures.py", line 103, in result
[2026-03-31T02:15:40.272+0000] {subprocess.py:93} INFO -     return self._coordinator.result()
[2026-03-31T02:15:40.272+0000] {subprocess.py:93} INFO -            ^^^^^^^^^^^^^^^^^^^^^^^^^^
[2026-03-31T02:15:40.272+0000] {subprocess.py:93} INFO -   File "/home/airflow/.local/lib/python3.12/site-packages/s3transfer/futures.py", line 266, in result
[2026-03-31T02:15:40.272+0000] {subprocess.py:93} INFO -     raise self._exception
[2026-03-31T02:15:40.273+0000] {subprocess.py:93} INFO -   File "/home/airflow/.local/lib/python3.12/site-packages/s3transfer/tasks.py", line 139, in __call__
[2026-03-31T02:15:40.273+0000] {subprocess.py:93} INFO -     return self._execute_main(kwargs)
[2026-03-31T02:15:40.273+0000] {subprocess.py:93} INFO -            ^^^^^^^^^^^^^^^^^^^^^^^^^^
[2026-03-31T02:15:40.276+0000] {subprocess.py:93} INFO -   File "/home/airflow/.local/lib/python3.12/site-packages/s3transfer/tasks.py", line 162, in _execute_main
[2026-03-31T02:15:40.277+0000] {subprocess.py:93} INFO -     return_value = self._main(**kwargs)
[2026-03-31T02:15:40.277+0000] {subprocess.py:93} INFO -                    ^^^^^^^^^^^^^^^^^^^^
[2026-03-31T02:15:40.277+0000] {subprocess.py:93} INFO -   File "/home/airflow/.local/lib/python3.12/site-packages/s3transfer/upload.py", line 764, in _main
[2026-03-31T02:15:40.277+0000] {subprocess.py:93} INFO -     client.put_object(Bucket=bucket, Key=key, Body=body, **extra_args)
[2026-03-31T02:15:40.277+0000] {subprocess.py:93} INFO -   File "/home/airflow/.local/lib/python3.12/site-packages/botocore/client.py", line 553, in _api_call
[2026-03-31T02:15:40.277+0000] {subprocess.py:93} INFO -     return self._make_api_call(operation_name, kwargs)
[2026-03-31T02:15:40.277+0000] {subprocess.py:93} INFO -            ^^^^^^^^^^^^^^^^^^^^^^^^^^^^^^^^^^^^^^^^^^^
[2026-03-31T02:15:40.278+0000] {subprocess.py:93} INFO -   File "/home/airflow/.local/lib/python3.12/site-packages/botocore/client.py", line 989, in _make_api_call
[2026-03-31T02:15:40.278+0000] {subprocess.py:93} INFO -     http, parsed_response = self._make_request(
[2026-03-31T02:15:40.278+0000] {subprocess.py:93} INFO -                             ^^^^^^^^^^^^^^^^^^^
[2026-03-31T02:15:40.278+0000] {subprocess.py:93} INFO -   File "/home/airflow/.local/lib/python3.12/site-packages/botocore/client.py", line 1015, in _make_request
[2026-03-31T02:15:40.278+0000] {subprocess.py:93} INFO -     return self._endpoint.make_request(operation_model, request_dict)
[2026-03-31T02:15:40.278+0000] {subprocess.py:93} INFO -            ^^^^^^^^^^^^^^^^^^^^^^^^^^^^^^^^^^^^^^^^^^^^^^^^^^^^^^^^^^
[2026-03-31T02:15:40.278+0000] {subprocess.py:93} INFO -   File "/home/airflow/.local/lib/python3.12/site-packages/botocore/endpoint.py", line 119, in make_request
[2026-03-31T02:15:40.278+0000] {subprocess.py:93} INFO -     return self._send_request(request_dict, operation_model)
[2026-03-31T02:15:40.278+0000] {subprocess.py:93} INFO -            ^^^^^^^^^^^^^^^^^^^^^^^^^^^^^^^^^^^^^^^^^^^^^^^^^
[2026-03-31T02:15:40.278+0000] {subprocess.py:93} INFO -   File "/home/airflow/.local/lib/python3.12/site-packages/botocore/endpoint.py", line 198, in _send_request
[2026-03-31T02:15:40.279+0000] {subprocess.py:93} INFO -     request = self.create_request(request_dict, operation_model)
[2026-03-31T02:15:40.279+0000] {subprocess.py:93} INFO -               ^^^^^^^^^^^^^^^^^^^^^^^^^^^^^^^^^^^^^^^^^^^^^^^^^^
[2026-03-31T02:15:40.279+0000] {subprocess.py:93} INFO -   File "/home/airflow/.local/lib/python3.12/site-packages/botocore/endpoint.py", line 134, in create_request
[2026-03-31T02:15:40.279+0000] {subprocess.py:93} INFO -     self._event_emitter.emit(
[2026-03-31T02:15:40.279+0000] {subprocess.py:93} INFO -   File "/home/airflow/.local/lib/python3.12/site-packages/botocore/hooks.py", line 412, in emit
[2026-03-31T02:15:40.279+0000] {subprocess.py:93} INFO -     return self._emitter.emit(aliased_event_name, **kwargs)
[2026-03-31T02:15:40.279+0000] {subprocess.py:93} INFO -            ^^^^^^^^^^^^^^^^^^^^^^^^^^^^^^^^^^^^^^^^^^^^^^^^
[2026-03-31T02:15:40.279+0000] {subprocess.py:93} INFO -   File "/home/airflow/.local/lib/python3.12/site-packages/botocore/hooks.py", line 256, in emit
[2026-03-31T02:15:40.279+0000] {subprocess.py:93} INFO -     return self._emit(event_name, kwargs)
[2026-03-31T02:15:40.279+0000] {subprocess.py:93} INFO -            ^^^^^^^^^^^^^^^^^^^^^^^^^^^^^^
[2026-03-31T02:15:40.279+0000] {subprocess.py:93} INFO -   File "/home/airflow/.local/lib/python3.12/site-packages/botocore/hooks.py", line 239, in _emit
[2026-03-31T02:15:40.279+0000] {subprocess.py:93} INFO -     response = handler(**kwargs)
[2026-03-31T02:15:40.280+0000] {subprocess.py:93} INFO -                ^^^^^^^^^^^^^^^^^
[2026-03-31T02:15:40.280+0000] {subprocess.py:93} INFO -   File "/home/airflow/.local/lib/python3.12/site-packages/botocore/signers.py", line 105, in handler
[2026-03-31T02:15:40.280+0000] {subprocess.py:93} INFO -     return self.sign(operation_name, request)
[2026-03-31T02:15:40.280+0000] {subprocess.py:93} INFO -            ^^^^^^^^^^^^^^^^^^^^^^^^^^^^^^^^^^
[2026-03-31T02:15:40.280+0000] {subprocess.py:93} INFO -   File "/home/airflow/.local/lib/python3.12/site-packages/botocore/signers.py", line 195, in sign
[2026-03-31T02:15:40.280+0000] {subprocess.py:93} INFO -     auth.add_auth(request)
[2026-03-31T02:15:40.280+0000] {subprocess.py:93} INFO -   File "/home/airflow/.local/lib/python3.12/site-packages/botocore/auth.py", line 418, in add_auth
[2026-03-31T02:15:40.282+0000] {subprocess.py:93} INFO -     raise NoCredentialsError()
[2026-03-31T02:15:40.282+0000] {subprocess.py:93} INFO - botocore.exceptions.NoCredentialsError: Unable to locate credentials
[2026-03-31T02:15:40.370+0000] {subprocess.py:97} INFO - Command exited with return code 1
[2026-03-31T02:15:40.371+0000] {taskinstance.py:441} INFO - ::group::Post task execution logs
[2026-03-31T02:15:40.376+0000] {taskinstance.py:2890} ERROR - Task failed with exception
Traceback (most recent call last):
  File "/home/airflow/.local/lib/python3.12/site-packages/airflow/models/taskinstance.py", line 465, in _execute_task
    result = _execute_callable(context=context, **execute_callable_kwargs)
             ^^^^^^^^^^^^^^^^^^^^^^^^^^^^^^^^^^^^^^^^^^^^^^^^^^^^^^^^^^^^^
  File "/home/airflow/.local/lib/python3.12/site-packages/airflow/models/taskinstance.py", line 432, in _execute_callable
    return execute_callable(context=context, **execute_callable_kwargs)
           ^^^^^^^^^^^^^^^^^^^^^^^^^^^^^^^^^^^^^^^^^^^^^^^^^^^^^^^^^^^^
  File "/home/airflow/.local/lib/python3.12/site-packages/airflow/models/baseoperator.py", line 400, in wrapper
    return func(self, *args, **kwargs)
           ^^^^^^^^^^^^^^^^^^^^^^^^^^^
  File "/home/airflow/.local/lib/python3.12/site-packages/airflow/operators/bash.py", line 243, in execute
    raise AirflowException(
airflow.exceptions.AirflowException: Bash command failed. The command returned a non-zero exit code 1.
[2026-03-31T02:15:40.379+0000] {taskinstance.py:1205} INFO - Marking task as FAILED. dag_id=job_market_pipeline, task_id=fetch_jobs, execution_date=20260331T021019, start_date=20260331T021530, end_date=20260331T021540
[2026-03-31T02:15:40.388+0000] {standard_task_runner.py:110} ERROR - Failed to execute job 3 for task fetch_jobs (Bash command failed. The command returned a non-zero exit code 1.; 125)
[2026-03-31T02:15:40.405+0000] {local_task_job_runner.py:240} INFO - Task exited with return code 1
[2026-03-31T02:15:40.415+0000] {taskinstance.py:3482} INFO - 0 downstream tasks scheduled from follow-on schedule check
[2026-03-31T02:15:40.418+0000] {local_task_job_runner.py:222} INFO - ::endgroup::
