[2026-03-30T17:33:21.916+0000] {local_task_job_runner.py:120} INFO - ::group::Pre task execution logs
[2026-03-30T17:33:21.930+0000] {taskinstance.py:2073} INFO - Dependencies all met for dep_context=non-requeueable deps ti=<TaskInstance: job_market_pipeline.fetch_jobs manual__2026-03-30T17:28:15.837768+00:00 [queued]>
[2026-03-30T17:33:21.933+0000] {taskinstance.py:2073} INFO - Dependencies all met for dep_context=requeueable deps ti=<TaskInstance: job_market_pipeline.fetch_jobs manual__2026-03-30T17:28:15.837768+00:00 [queued]>
[2026-03-30T17:33:21.933+0000] {taskinstance.py:2303} INFO - Starting attempt 2 of 2
[2026-03-30T17:33:22.000+0000] {taskinstance.py:2327} INFO - Executing <Task(BashOperator): fetch_jobs> on 2026-03-30 17:28:15.837768+00:00
[2026-03-30T17:33:22.002+0000] {standard_task_runner.py:63} INFO - Started process 177 to run task
[2026-03-30T17:33:22.005+0000] {standard_task_runner.py:90} INFO - Running: ['airflow', 'tasks', 'run', 'job_market_pipeline', 'fetch_jobs', 'manual__2026-03-30T17:28:15.837768+00:00', '--job-id', '5', '--raw', '--subdir', 'DAGS_FOLDER/job_pipeline_dag.py', '--cfg-path', '/tmp/tmpnfhk87pt']
[2026-03-30T17:33:22.006+0000] {standard_task_runner.py:91} INFO - Job 5: Subtask fetch_jobs
[2026-03-30T17:33:22.026+0000] {task_command.py:426} INFO - Running <TaskInstance: job_market_pipeline.fetch_jobs manual__2026-03-30T17:28:15.837768+00:00 [running]> on host 1b46499f496f
[2026-03-30T17:33:22.059+0000] {taskinstance.py:2644} INFO - Exporting env vars: AIRFLOW_CTX_DAG_OWNER='nalluraj' AIRFLOW_CTX_DAG_ID='job_market_pipeline' AIRFLOW_CTX_TASK_ID='fetch_jobs' AIRFLOW_CTX_EXECUTION_DATE='2026-03-30T17:28:15.837768+00:00' AIRFLOW_CTX_TRY_NUMBER='2' AIRFLOW_CTX_DAG_RUN_ID='manual__2026-03-30T17:28:15.837768+00:00'
[2026-03-30T17:33:22.060+0000] {taskinstance.py:430} INFO - ::endgroup::
[2026-03-30T17:33:22.070+0000] {subprocess.py:63} INFO - Tmp dir root location: /tmp
[2026-03-30T17:33:22.070+0000] {subprocess.py:75} INFO - Running command: ['/usr/bin/bash', '-c', 'cd /opt/airflow && python ingestion/job_fetcher.py']
[2026-03-30T17:33:22.075+0000] {subprocess.py:86} INFO - Output:
[2026-03-30T17:33:22.824+0000] {subprocess.py:93} INFO - Traceback (most recent call last):
[2026-03-30T17:33:22.827+0000] {subprocess.py:93} INFO -   File "/home/airflow/.local/lib/python3.12/site-packages/mysql/connector/connection_cext.py", line 323, in _open_connection
[2026-03-30T17:33:22.827+0000] {subprocess.py:93} INFO -     self._cmysql.connect(**cnx_kwargs)
[2026-03-30T17:33:22.827+0000] {subprocess.py:93} INFO - _mysql_connector.MySQLInterfaceError: Can't connect to MySQL server on 'localhost:3306' (111)
[2026-03-30T17:33:22.827+0000] {subprocess.py:93} INFO - 
[2026-03-30T17:33:22.828+0000] {subprocess.py:93} INFO - The above exception was the direct cause of the following exception:
[2026-03-30T17:33:22.828+0000] {subprocess.py:93} INFO - 
[2026-03-30T17:33:22.828+0000] {subprocess.py:93} INFO - Traceback (most recent call last):
[2026-03-30T17:33:22.828+0000] {subprocess.py:93} INFO -   File "/opt/airflow/ingestion/job_fetcher.py", line 19, in <module>
[2026-03-30T17:33:22.828+0000] {subprocess.py:93} INFO -     db = mysql.connector.connect(**DB_CONFIG)
[2026-03-30T17:33:22.828+0000] {subprocess.py:93} INFO -          ^^^^^^^^^^^^^^^^^^^^^^^^^^^^^^^^^^^^
[2026-03-30T17:33:22.828+0000] {subprocess.py:93} INFO -   File "/home/airflow/.local/lib/python3.12/site-packages/mysql/connector/pooling.py", line 322, in connect
[2026-03-30T17:33:22.828+0000] {subprocess.py:93} INFO -     return CMySQLConnection(*args, **kwargs)
[2026-03-30T17:33:22.828+0000] {subprocess.py:93} INFO -            ^^^^^^^^^^^^^^^^^^^^^^^^^^^^^^^^^
[2026-03-30T17:33:22.828+0000] {subprocess.py:93} INFO -   File "/home/airflow/.local/lib/python3.12/site-packages/mysql/connector/connection_cext.py", line 140, in __init__
[2026-03-30T17:33:22.829+0000] {subprocess.py:93} INFO -     self.connect(**kwargs)
[2026-03-30T17:33:22.829+0000] {subprocess.py:93} INFO -   File "/home/airflow/.local/lib/python3.12/site-packages/mysql/connector/abstracts.py", line 1363, in connect
[2026-03-30T17:33:22.829+0000] {subprocess.py:93} INFO -     self._open_connection()
[2026-03-30T17:33:22.829+0000] {subprocess.py:93} INFO -   File "/home/airflow/.local/lib/python3.12/site-packages/mysql/connector/connection_cext.py", line 328, in _open_connection
[2026-03-30T17:33:22.829+0000] {subprocess.py:93} INFO -     raise get_mysql_exception(
[2026-03-30T17:33:22.829+0000] {subprocess.py:93} INFO - mysql.connector.errors.DatabaseError: 2003 (HY000): Can't connect to MySQL server on 'localhost:3306' (111)
[2026-03-30T17:33:22.908+0000] {subprocess.py:97} INFO - Command exited with return code 1
[2026-03-30T17:33:22.909+0000] {taskinstance.py:441} INFO - ::group::Post task execution logs
[2026-03-30T17:33:22.914+0000] {taskinstance.py:2890} ERROR - Task failed with exception
Traceback (most recent call last):
  File "/home/airflow/.local/lib/python3.12/site-packages/airflow/models/taskinstance.py", line 465, in _execute_task
    result = _execute_callable(context=context, **execute_callable_kwargs)
             ^^^^^^^^^^^^^^^^^^^^^^^^^^^^^^^^^^^^^^^^^^^^^^^^^^^^^^^^^^^^^
  File "/home/airflow/.local/lib/python3.12/site-packages/airflow/models/taskinstance.py", line 432, in _execute_callable
    return execute_callable(context=context, **execute_callable_kwargs)
           ^^^^^^^^^^^^^^^^^^^^^^^^^^^^^^^^^^^^^^^^^^^^^^^^^^^^^^^^^^^^
  File "/home/airflow/.local/lib/python3.12/site-packages/airflow/models/baseoperator.py", line 400, in wrapper
    return func(self, *args, **kwargs)
           ^^^^^^^^^^^^^^^^^^^^^^^^^^^
  File "/home/airflow/.local/lib/python3.12/site-packages/airflow/operators/bash.py", line 243, in execute
    raise AirflowException(
airflow.exceptions.AirflowException: Bash command failed. The command returned a non-zero exit code 1.
[2026-03-30T17:33:22.916+0000] {taskinstance.py:1205} INFO - Marking task as FAILED. dag_id=job_market_pipeline, task_id=fetch_jobs, execution_date=20260330T172815, start_date=20260330T173321, end_date=20260330T173322
[2026-03-30T17:33:22.924+0000] {standard_task_runner.py:110} ERROR - Failed to execute job 5 for task fetch_jobs (Bash command failed. The command returned a non-zero exit code 1.; 177)
[2026-03-30T17:33:22.941+0000] {local_task_job_runner.py:240} INFO - Task exited with return code 1
[2026-03-30T17:33:22.952+0000] {taskinstance.py:3482} INFO - 0 downstream tasks scheduled from follow-on schedule check
[2026-03-30T17:33:22.956+0000] {local_task_job_runner.py:222} INFO - ::endgroup::
